This is pdfTeX, Version 3.141592653-2.6-1.40.25 (TeX Live 2023/Arch Linux) (preloaded format=pdflatex 2023.9.14)  14 OCT 2023 16:04
entering extended mode
 restricted \write18 enabled.
 %&-line parsing enabled.
**principal.tex
(./principal.tex
LaTeX2e <2022-11-01> patch level 1
L3 programming layer <2023-02-22>
(/usr/share/texmf-dist/tex/latex/base/book.cls
Document Class: book 2022/07/02 v1.4n Standard LaTeX document class
(/usr/share/texmf-dist/tex/latex/base/bk11.clo
File: bk11.clo 2022/07/02 v1.4n Standard LaTeX file (size option)
)
\c@part=\count185
\c@chapter=\count186
\c@section=\count187
\c@subsection=\count188
\c@subsubsection=\count189
\c@paragraph=\count190
\c@subparagraph=\count191
\c@figure=\count192
\c@table=\count193
\abovecaptionskip=\skip48
\belowcaptionskip=\skip49
\bibindent=\dimen140
) (./prefix.tex
(/usr/share/texmf-dist/tex/generic/babel/babel.sty
Package: babel 2023/02/13 3.86 The Babel package
\babel@savecnt=\count194
\U@D=\dimen141
\l@unhyphenated=\language40

(/usr/share/texmf-dist/tex/generic/babel/txtbabel.def)
\bbl@readstream=\read2
\bbl@dirlevel=\count195

(/usr/share/texmf-dist/tex/generic/babel-english/english.ldf
Language: english 2017/06/06 v3.3r English support from the babel system
Package babel Info: Hyphen rules for 'british' set to \l@english
(babel)             (\language0). Reported on input line 82.
Package babel Info: Hyphen rules for 'UKenglish' set to \l@english
(babel)             (\language0). Reported on input line 83.
Package babel Info: Hyphen rules for 'canadian' set to \l@english
(babel)             (\language0). Reported on input line 102.
Package babel Info: Hyphen rules for 'australian' set to \l@english
(babel)             (\language0). Reported on input line 105.
Package babel Info: Hyphen rules for 'newzealand' set to \l@english
(babel)             (\language0). Reported on input line 108.
))
(/usr/share/texmf-dist/tex/generic/babel/locale/en/babel-english.tex
Package babel Info: Importing font and identification data for english
(babel)             from babel-en.ini. Reported on input line 11.
)
(/usr/share/texmf-dist/tex/latex/hyperref/hyperref.sty
Package: hyperref 2023-02-07 v7.00v Hypertext links for LaTeX

(/usr/share/texmf-dist/tex/generic/ltxcmds/ltxcmds.sty
Package: ltxcmds 2020-05-10 v1.25 LaTeX kernel commands for general use (HO)
)
(/usr/share/texmf-dist/tex/generic/iftex/iftex.sty
Package: iftex 2022/02/03 v1.0f TeX engine tests
)
(/usr/share/texmf-dist/tex/generic/pdftexcmds/pdftexcmds.sty
Package: pdftexcmds 2020-06-27 v0.33 Utility functions of pdfTeX for LuaTeX (HO
)

(/usr/share/texmf-dist/tex/generic/infwarerr/infwarerr.sty
Package: infwarerr 2019/12/03 v1.5 Providing info/warning/error messages (HO)
)
Package pdftexcmds Info: \pdf@primitive is available.
Package pdftexcmds Info: \pdf@ifprimitive is available.
Package pdftexcmds Info: \pdfdraftmode found.
)
(/usr/share/texmf-dist/tex/latex/graphics/keyval.sty
Package: keyval 2022/05/29 v1.15 key=value parser (DPC)
\KV@toks@=\toks16
)
(/usr/share/texmf-dist/tex/latex/kvsetkeys/kvsetkeys.sty
Package: kvsetkeys 2022-10-05 v1.19 Key value parser (HO)
)
(/usr/share/texmf-dist/tex/generic/kvdefinekeys/kvdefinekeys.sty
Package: kvdefinekeys 2019-12-19 v1.6 Define keys (HO)
)
(/usr/share/texmf-dist/tex/generic/pdfescape/pdfescape.sty
Package: pdfescape 2019/12/09 v1.15 Implements pdfTeX's escape features (HO)
)
(/usr/share/texmf-dist/tex/latex/hycolor/hycolor.sty
Package: hycolor 2020-01-27 v1.10 Color options for hyperref/bookmark (HO)
)
(/usr/share/texmf-dist/tex/latex/letltxmacro/letltxmacro.sty
Package: letltxmacro 2019/12/03 v1.6 Let assignment for LaTeX macros (HO)
)
(/usr/share/texmf-dist/tex/latex/auxhook/auxhook.sty
Package: auxhook 2019-12-17 v1.6 Hooks for auxiliary files (HO)
)
(/usr/share/texmf-dist/tex/latex/hyperref/nameref.sty
Package: nameref 2022-05-17 v2.50 Cross-referencing by name of section

(/usr/share/texmf-dist/tex/latex/refcount/refcount.sty
Package: refcount 2019/12/15 v3.6 Data extraction from label references (HO)
)
(/usr/share/texmf-dist/tex/generic/gettitlestring/gettitlestring.sty
Package: gettitlestring 2019/12/15 v1.6 Cleanup title references (HO)

(/usr/share/texmf-dist/tex/latex/kvoptions/kvoptions.sty
Package: kvoptions 2022-06-15 v3.15 Key value format for package options (HO)
))
\c@section@level=\count196
)
\@linkdim=\dimen142
\Hy@linkcounter=\count197
\Hy@pagecounter=\count198

(/usr/share/texmf-dist/tex/latex/hyperref/pd1enc.def
File: pd1enc.def 2023-02-07 v7.00v Hyperref: PDFDocEncoding definition (HO)
Now handling font encoding PD1 ...
... no UTF-8 mapping file for font encoding PD1
)
(/usr/share/texmf-dist/tex/generic/intcalc/intcalc.sty
Package: intcalc 2019/12/15 v1.3 Expandable calculations with integers (HO)
)
(/usr/share/texmf-dist/tex/generic/etexcmds/etexcmds.sty
Package: etexcmds 2019/12/15 v1.7 Avoid name clashes with e-TeX commands (HO)
)
\Hy@SavedSpaceFactor=\count199

(/usr/share/texmf-dist/tex/latex/hyperref/puenc.def
File: puenc.def 2023-02-07 v7.00v Hyperref: PDF Unicode definition (HO)
Now handling font encoding PU ...
... no UTF-8 mapping file for font encoding PU
)
Package hyperref Info: Hyper figures OFF on input line 4177.
Package hyperref Info: Link nesting OFF on input line 4182.
Package hyperref Info: Hyper index ON on input line 4185.
Package hyperref Info: Plain pages OFF on input line 4192.
Package hyperref Info: Backreferencing OFF on input line 4197.
Package hyperref Info: Implicit mode ON; LaTeX internals redefined.
Package hyperref Info: Bookmarks ON on input line 4425.
\c@Hy@tempcnt=\count266

(/usr/share/texmf-dist/tex/latex/url/url.sty
\Urlmuskip=\muskip16
Package: url 2013/09/16  ver 3.4  Verb mode for urls, etc.
)
LaTeX Info: Redefining \url on input line 4763.
\XeTeXLinkMargin=\dimen143

(/usr/share/texmf-dist/tex/generic/bitset/bitset.sty
Package: bitset 2019/12/09 v1.3 Handle bit-vector datatype (HO)

(/usr/share/texmf-dist/tex/generic/bigintcalc/bigintcalc.sty
Package: bigintcalc 2019/12/15 v1.5 Expandable calculations on big integers (HO
)
))
\Fld@menulength=\count267
\Field@Width=\dimen144
\Fld@charsize=\dimen145
Package hyperref Info: Hyper figures OFF on input line 6042.
Package hyperref Info: Link nesting OFF on input line 6047.
Package hyperref Info: Hyper index ON on input line 6050.
Package hyperref Info: backreferencing OFF on input line 6057.
Package hyperref Info: Link coloring OFF on input line 6062.
Package hyperref Info: Link coloring with OCG OFF on input line 6067.
Package hyperref Info: PDF/A mode OFF on input line 6072.

(/usr/share/texmf-dist/tex/latex/base/atbegshi-ltx.sty
Package: atbegshi-ltx 2021/01/10 v1.0c Emulation of the original atbegshi
package with kernel methods
)
\Hy@abspage=\count268
\c@Item=\count269
\c@Hfootnote=\count270
)
Package hyperref Info: Driver (autodetected): hpdftex.

(/usr/share/texmf-dist/tex/latex/hyperref/hpdftex.def
File: hpdftex.def 2023-02-07 v7.00v Hyperref driver for pdfTeX

(/usr/share/texmf-dist/tex/latex/base/atveryend-ltx.sty
Package: atveryend-ltx 2020/08/19 v1.0a Emulation of the original atveryend pac
kage
with kernel methods
)
\Fld@listcount=\count271
\c@bookmark@seq@number=\count272

(/usr/share/texmf-dist/tex/latex/rerunfilecheck/rerunfilecheck.sty
Package: rerunfilecheck 2022-07-10 v1.10 Rerun checks for auxiliary files (HO)

(/usr/share/texmf-dist/tex/generic/uniquecounter/uniquecounter.sty
Package: uniquecounter 2019/12/15 v1.4 Provide unlimited unique counter (HO)
)
Package uniquecounter Info: New unique counter `rerunfilecheck' on input line 2
85.
)
\Hy@SectionHShift=\skip50
)
(/usr/share/texmf-dist/tex/latex/base/inputenc.sty
Package: inputenc 2021/02/14 v1.3d Input encoding file
\inpenc@prehook=\toks17
\inpenc@posthook=\toks18
)
(/usr/share/texmf-dist/tex/latex/geometry/geometry.sty
Package: geometry 2020/01/02 v5.9 Page Geometry

(/usr/share/texmf-dist/tex/generic/iftex/ifvtex.sty
Package: ifvtex 2019/10/25 v1.7 ifvtex legacy package. Use iftex instead.
)
\Gm@cnth=\count273
\Gm@cntv=\count274
\c@Gm@tempcnt=\count275
\Gm@bindingoffset=\dimen146
\Gm@wd@mp=\dimen147
\Gm@odd@mp=\dimen148
\Gm@even@mp=\dimen149
\Gm@layoutwidth=\dimen150
\Gm@layoutheight=\dimen151
\Gm@layouthoffset=\dimen152
\Gm@layoutvoffset=\dimen153
\Gm@dimlist=\toks19
)
(/usr/share/texmf-dist/tex/latex/setspace/setspace.sty
Package: setspace 2022/12/04 v6.7b set line spacing
)
(/usr/share/texmf-dist/tex/latex/tocbibind/tocbibind.sty
Package: tocbibind 2010/10/13 v1.5k extra ToC listings
Package tocbibind Info: The document has chapter divisions on input line 50.


Package tocbibind Note: Using chapter style headings, unless overridden.

) (/usr/share/texmf-dist/tex/latex/graphics/epsfig.sty
Package: epsfig 2017/06/25 v1.7b (e)psfig emulation (SPQR)

(/usr/share/texmf-dist/tex/latex/graphics/graphicx.sty
Package: graphicx 2021/09/16 v1.2d Enhanced LaTeX Graphics (DPC,SPQR)

(/usr/share/texmf-dist/tex/latex/graphics/graphics.sty
Package: graphics 2022/03/10 v1.4e Standard LaTeX Graphics (DPC,SPQR)

(/usr/share/texmf-dist/tex/latex/graphics/trig.sty
Package: trig 2021/08/11 v1.11 sin cos tan (DPC)
)
(/usr/share/texmf-dist/tex/latex/graphics-cfg/graphics.cfg
File: graphics.cfg 2016/06/04 v1.11 sample graphics configuration
)
Package graphics Info: Driver file: pdftex.def on input line 107.

(/usr/share/texmf-dist/tex/latex/graphics-def/pdftex.def
File: pdftex.def 2022/09/22 v1.2b Graphics/color driver for pdftex
))
\Gin@req@height=\dimen154
\Gin@req@width=\dimen155
)
\epsfxsize=\dimen156
\epsfysize=\dimen157
)
(/usr/share/texmf-dist/tex/latex/multirow/multirow.sty
Package: multirow 2021/03/15 v2.8 Span multiple rows of a table
\multirow@colwidth=\skip51
\multirow@cntb=\count276
\multirow@dima=\skip52
\bigstrutjot=\dimen158
)
(/usr/share/texmf-dist/tex/latex/algorithm2e/algorithm2e.sty
Package: algorithm2e 2017/07/18 v5.2 algorithms environments
\c@AlgoLine=\count277

(/usr/share/texmf-dist/tex/latex/base/ifthen.sty
Package: ifthen 2022/04/13 v1.1d Standard LaTeX ifthen package (DPC)
)
\algocf@hangindent=\skip53

(/usr/share/texmf-dist/tex/latex/ifoddpage/ifoddpage.sty
Package: ifoddpage 2022/10/18 v1.2 Conditionals for odd/even page detection
\c@checkoddpage=\count278
)
(/usr/share/texmf-dist/tex/latex/tools/xspace.sty
Package: xspace 2014/10/28 v1.13 Space after command names (DPC,MH)
)
(/usr/share/texmf-dist/tex/latex/relsize/relsize.sty
Package: relsize 2013/03/29 ver 4.1
)
\skiptotal=\skip54
\skiplinenumber=\skip55
\skiprule=\skip56
\skiphlne=\skip57
\skiptext=\skip58
\skiplength=\skip59
\algomargin=\skip60
\skipalgocfslide=\skip61
\algowidth=\dimen159
\inoutsize=\dimen160
\inoutindent=\dimen161
\interspacetitleruled=\dimen162
\interspacealgoruled=\dimen163
\interspacetitleboxruled=\dimen164
\algocf@ruledwidth=\skip62
\algocf@inoutbox=\box51
\algocf@inputbox=\box52
\AlCapSkip=\skip63
\AlCapHSkip=\skip64
\algoskipindent=\skip65
\algocf@nlbox=\box53
\algocf@hangingbox=\box54
\algocf@untilbox=\box55
\algocf@skipuntil=\skip66
\algocf@capbox=\box56
\algocf@lcaptionbox=\skip67
\algoheightruledefault=\skip68
\algoheightrule=\skip69
\algotitleheightruledefault=\skip70
\algotitleheightrule=\skip71
\c@algocfline=\count279
\c@algocfproc=\count280
\c@algocf=\count281
\algocf@algoframe=\box57
\algocf@algobox=\box58
)
(/usr/share/texmf-dist/tex/latex/appendix/appendix.sty
Package: appendix 2020/02/08 v1.2c extra appendix facilities
\c@@pps=\count282
\c@@ppsavesec=\count283
\c@@ppsaveapp=\count284
)
(/usr/share/texmf-dist/tex/latex/caption/caption.sty
Package: caption 2023/03/12 v3.6j Customizing captions (AR)

(/usr/share/texmf-dist/tex/latex/caption/caption3.sty
Package: caption3 2023/03/12 v2.4 caption3 kernel (AR)
\caption@tempdima=\dimen165
\captionmargin=\dimen166
\caption@leftmargin=\dimen167
\caption@rightmargin=\dimen168
\caption@width=\dimen169
\caption@indent=\dimen170
\caption@parindent=\dimen171
\caption@hangindent=\dimen172
Package caption Info: Standard document class detected.
)
\c@caption@flags=\count285
\c@continuedfloat=\count286
Package caption Info: hyperref package is loaded.
)
(/usr/share/texmf-dist/tex/latex/fancyhdr/fancyhdr.sty
Package: fancyhdr 2022/11/09 v4.1 Extensive control of page headers and footers

\f@nch@headwidth=\skip72
\f@nch@O@elh=\skip73
\f@nch@O@erh=\skip74
\f@nch@O@olh=\skip75
\f@nch@O@orh=\skip76
\f@nch@O@elf=\skip77
\f@nch@O@erf=\skip78
\f@nch@O@olf=\skip79
\f@nch@O@orf=\skip80
)
(/usr/share/texmf-dist/tex/latex/float/float.sty
Package: float 2001/11/08 v1.3d Float enhancements (AL)
\c@float@type=\count287
\float@exts=\toks20
\float@box=\box59
\@float@everytoks=\toks21
\@floatcapt=\box60
)
(/usr/share/texmf-dist/tex/latex/base/fontenc.sty
Package: fontenc 2021/04/29 v2.0v Standard LaTeX package
)
(/usr/share/texmf-dist/tex/latex/listings/listings.sty
\lst@mode=\count288
\lst@gtempboxa=\box61
\lst@token=\toks22
\lst@length=\count289
\lst@currlwidth=\dimen173
\lst@column=\count290
\lst@pos=\count291
\lst@lostspace=\dimen174
\lst@width=\dimen175
\lst@newlines=\count292
\lst@lineno=\count293
\lst@maxwidth=\dimen176

(/usr/share/texmf-dist/tex/latex/listings/lstmisc.sty
File: lstmisc.sty 2023/02/27 1.9 (Carsten Heinz)
\c@lstnumber=\count294
\lst@skipnumbers=\count295
\lst@framebox=\box62
)
(/usr/share/texmf-dist/tex/latex/listings/listings.cfg
File: listings.cfg 2023/02/27 1.9 listings configuration
))
Package: listings 2023/02/27 1.9 (Carsten Heinz)

(/usr/share/texmf-dist/tex/latex/makecell/makecell.sty
Package: makecell 2009/08/03 V0.1e Managing of Tab Column Heads and Cells

(/usr/share/texmf-dist/tex/latex/tools/array.sty
Package: array 2022/09/04 v2.5g Tabular extension package (FMi)
\col@sep=\dimen177
\ar@mcellbox=\box63
\extrarowheight=\dimen178
\NC@list=\toks23
\extratabsurround=\skip81
\backup@length=\skip82
\ar@cellbox=\box64
)
\rotheadsize=\dimen179
\c@nlinenum=\count296
\TeXr@lab=\toks24
)
(/usr/share/texmf-dist/tex/latex/tools/multicol.sty
Package: multicol 2021/11/30 v1.9d multicolumn formatting (FMi)
\c@tracingmulticols=\count297
\mult@box=\box65
\multicol@leftmargin=\dimen180
\c@unbalance=\count298
\c@collectmore=\count299
\doublecol@number=\count300
\multicoltolerance=\count301
\multicolpretolerance=\count302
\full@width=\dimen181
\page@free=\dimen182
\premulticols=\dimen183
\postmulticols=\dimen184
\multicolsep=\skip83
\multicolbaselineskip=\skip84
\partial@page=\box66
\last@line=\box67
\maxbalancingoverflow=\dimen185
\mult@rightbox=\box68
\mult@grightbox=\box69
\mult@firstbox=\box70
\mult@gfirstbox=\box71
\@tempa=\box72
\@tempa=\box73
\@tempa=\box74
\@tempa=\box75
\@tempa=\box76
\@tempa=\box77
\@tempa=\box78
\@tempa=\box79
\@tempa=\box80
\@tempa=\box81
\@tempa=\box82
\@tempa=\box83
\@tempa=\box84
\@tempa=\box85
\@tempa=\box86
\@tempa=\box87
\@tempa=\box88
\@tempa=\box89
\@tempa=\box90
\@tempa=\box91
\@tempa=\box92
\@tempa=\box93
\@tempa=\box94
\@tempa=\box95
\@tempa=\box96
\@tempa=\box97
\@tempa=\box98
\@tempa=\box99
\@tempa=\box100
\@tempa=\box101
\@tempa=\box102
\@tempa=\box103
\@tempa=\box104
\@tempa=\box105
\@tempa=\box106
\@tempa=\box107
\c@minrows=\count303
\c@columnbadness=\count304
\c@finalcolumnbadness=\count305
\last@try=\dimen186
\multicolovershoot=\dimen187
\multicolundershoot=\dimen188
\mult@nat@firstbox=\box108
\colbreak@box=\box109
\mc@col@check@num=\count306
)
(/usr/share/texmf-dist/tex/generic/soul/soul.sty
Package: soul 2023-02-18 v3.0 Permit use of UTF-8 characters in soul (HO)

(/usr/share/texmf-dist/tex/generic/soul/soul-ori.sty
Package: soul-ori 2023-02-18 v3.0 letterspacing/underlining (mf)
\SOUL@word=\toks25
\SOUL@lasttoken=\toks26
\SOUL@syllable=\toks27
\SOUL@cmds=\toks28
\SOUL@buffer=\toks29
\SOUL@token=\toks30
\SOUL@syllgoal=\dimen189
\SOUL@syllwidth=\dimen190
\SOUL@charkern=\dimen191
\SOUL@hyphkern=\dimen192
\SOUL@dimen=\dimen193
\SOUL@dimeni=\dimen194
\SOUL@minus=\count307
\SOUL@comma=\count308
\SOUL@apo=\count309
\SOUL@grave=\count310
\SOUL@spaceskip=\skip85
\SOUL@ttwidth=\dimen195
\SOUL@uldp=\dimen196
\SOUL@ulht=\dimen197
))
(/usr/share/texmf-dist/tex/latex/wrapfig/wrapfig.sty
\wrapoverhang=\dimen198
\WF@size=\dimen199
\c@WF@wrappedlines=\count311
\WF@box=\box110
\WF@everypar=\toks31
Package: wrapfig 2003/01/31  v 3.6
)
(/usr/share/texmf-dist/tex/latex/xcolor/xcolor.sty
Package: xcolor 2022/06/12 v2.14 LaTeX color extensions (UK)

(/usr/share/texmf-dist/tex/latex/graphics-cfg/color.cfg
File: color.cfg 2016/01/02 v1.6 sample color configuration
)
Package xcolor Info: Driver file: pdftex.def on input line 227.

(/usr/share/texmf-dist/tex/latex/graphics/mathcolor.ltx)
Package xcolor Info: Model `cmy' substituted by `cmy0' on input line 1353.
Package xcolor Info: Model `hsb' substituted by `rgb' on input line 1357.
Package xcolor Info: Model `RGB' extended on input line 1369.
Package xcolor Info: Model `HTML' substituted by `rgb' on input line 1371.
Package xcolor Info: Model `Hsb' substituted by `hsb' on input line 1372.
Package xcolor Info: Model `tHsb' substituted by `hsb' on input line 1373.
Package xcolor Info: Model `HSB' substituted by `hsb' on input line 1374.
Package xcolor Info: Model `Gray' substituted by `gray' on input line 1375.
Package xcolor Info: Model `wave' substituted by `hsb' on input line 1376.
)
(/usr/share/texmf-dist/tex/latex/lm/lmodern.sty
Package: lmodern 2015/05/01 v1.6.1 Latin Modern Fonts
LaTeX Font Info:    Overwriting symbol font `operators' in version `normal'
(Font)                  OT1/cmr/m/n --> OT1/lmr/m/n on input line 22.
LaTeX Font Info:    Overwriting symbol font `letters' in version `normal'
(Font)                  OML/cmm/m/it --> OML/lmm/m/it on input line 23.
LaTeX Font Info:    Overwriting symbol font `symbols' in version `normal'
(Font)                  OMS/cmsy/m/n --> OMS/lmsy/m/n on input line 24.
LaTeX Font Info:    Overwriting symbol font `largesymbols' in version `normal'
(Font)                  OMX/cmex/m/n --> OMX/lmex/m/n on input line 25.
LaTeX Font Info:    Overwriting symbol font `operators' in version `bold'
(Font)                  OT1/cmr/bx/n --> OT1/lmr/bx/n on input line 26.
LaTeX Font Info:    Overwriting symbol font `letters' in version `bold'
(Font)                  OML/cmm/b/it --> OML/lmm/b/it on input line 27.
LaTeX Font Info:    Overwriting symbol font `symbols' in version `bold'
(Font)                  OMS/cmsy/b/n --> OMS/lmsy/b/n on input line 28.
LaTeX Font Info:    Overwriting symbol font `largesymbols' in version `bold'
(Font)                  OMX/cmex/m/n --> OMX/lmex/m/n on input line 29.
LaTeX Font Info:    Overwriting math alphabet `\mathbf' in version `normal'
(Font)                  OT1/cmr/bx/n --> OT1/lmr/bx/n on input line 31.
LaTeX Font Info:    Overwriting math alphabet `\mathsf' in version `normal'
(Font)                  OT1/cmss/m/n --> OT1/lmss/m/n on input line 32.
LaTeX Font Info:    Overwriting math alphabet `\mathit' in version `normal'
(Font)                  OT1/cmr/m/it --> OT1/lmr/m/it on input line 33.
LaTeX Font Info:    Overwriting math alphabet `\mathtt' in version `normal'
(Font)                  OT1/cmtt/m/n --> OT1/lmtt/m/n on input line 34.
LaTeX Font Info:    Overwriting math alphabet `\mathbf' in version `bold'
(Font)                  OT1/cmr/bx/n --> OT1/lmr/bx/n on input line 35.
LaTeX Font Info:    Overwriting math alphabet `\mathsf' in version `bold'
(Font)                  OT1/cmss/bx/n --> OT1/lmss/bx/n on input line 36.
LaTeX Font Info:    Overwriting math alphabet `\mathit' in version `bold'
(Font)                  OT1/cmr/bx/it --> OT1/lmr/bx/it on input line 37.
LaTeX Font Info:    Overwriting math alphabet `\mathtt' in version `bold'
(Font)                  OT1/cmtt/m/n --> OT1/lmtt/m/n on input line 38.
)
(/usr/share/texmf-dist/tex/latex/tcolorbox/tcolorbox.sty
Package: tcolorbox 2023/02/12 version 6.0.1 text color boxes

(/usr/share/texmf-dist/tex/latex/pgf/basiclayer/pgf.sty
(/usr/share/texmf-dist/tex/latex/pgf/utilities/pgfrcs.sty
(/usr/share/texmf-dist/tex/generic/pgf/utilities/pgfutil-common.tex
\pgfutil@everybye=\toks32
\pgfutil@tempdima=\dimen256
\pgfutil@tempdimb=\dimen257
)
(/usr/share/texmf-dist/tex/generic/pgf/utilities/pgfutil-latex.def
\pgfutil@abb=\box111
)
(/usr/share/texmf-dist/tex/generic/pgf/utilities/pgfrcs.code.tex
(/usr/share/texmf-dist/tex/generic/pgf/pgf.revision.tex)
Package: pgfrcs 2023-01-15 v3.1.10 (3.1.10)
))
Package: pgf 2023-01-15 v3.1.10 (3.1.10)

(/usr/share/texmf-dist/tex/latex/pgf/basiclayer/pgfcore.sty
(/usr/share/texmf-dist/tex/latex/pgf/systemlayer/pgfsys.sty
(/usr/share/texmf-dist/tex/generic/pgf/systemlayer/pgfsys.code.tex
Package: pgfsys 2023-01-15 v3.1.10 (3.1.10)

(/usr/share/texmf-dist/tex/generic/pgf/utilities/pgfkeys.code.tex
\pgfkeys@pathtoks=\toks33
\pgfkeys@temptoks=\toks34

(/usr/share/texmf-dist/tex/generic/pgf/utilities/pgfkeyslibraryfiltered.code.te
x
\pgfkeys@tmptoks=\toks35
))
\pgf@x=\dimen258
\pgf@y=\dimen259
\pgf@xa=\dimen260
\pgf@ya=\dimen261
\pgf@xb=\dimen262
\pgf@yb=\dimen263
\pgf@xc=\dimen264
\pgf@yc=\dimen265
\pgf@xd=\dimen266
\pgf@yd=\dimen267
\w@pgf@writea=\write3
\r@pgf@reada=\read3
\c@pgf@counta=\count312
\c@pgf@countb=\count313
\c@pgf@countc=\count314
\c@pgf@countd=\count315
\t@pgf@toka=\toks36
\t@pgf@tokb=\toks37
\t@pgf@tokc=\toks38
\pgf@sys@id@count=\count316
 (/usr/share/texmf-dist/tex/generic/pgf/systemlayer/pgf.cfg
File: pgf.cfg 2023-01-15 v3.1.10 (3.1.10)
)
Driver file for pgf: pgfsys-pdftex.def

(/usr/share/texmf-dist/tex/generic/pgf/systemlayer/pgfsys-pdftex.def
File: pgfsys-pdftex.def 2023-01-15 v3.1.10 (3.1.10)

(/usr/share/texmf-dist/tex/generic/pgf/systemlayer/pgfsys-common-pdf.def
File: pgfsys-common-pdf.def 2023-01-15 v3.1.10 (3.1.10)
)))
(/usr/share/texmf-dist/tex/generic/pgf/systemlayer/pgfsyssoftpath.code.tex
File: pgfsyssoftpath.code.tex 2023-01-15 v3.1.10 (3.1.10)
\pgfsyssoftpath@smallbuffer@items=\count317
\pgfsyssoftpath@bigbuffer@items=\count318
)
(/usr/share/texmf-dist/tex/generic/pgf/systemlayer/pgfsysprotocol.code.tex
File: pgfsysprotocol.code.tex 2023-01-15 v3.1.10 (3.1.10)
))
(/usr/share/texmf-dist/tex/generic/pgf/basiclayer/pgfcore.code.tex
Package: pgfcore 2023-01-15 v3.1.10 (3.1.10)

(/usr/share/texmf-dist/tex/generic/pgf/math/pgfmath.code.tex
(/usr/share/texmf-dist/tex/generic/pgf/math/pgfmathutil.code.tex)
(/usr/share/texmf-dist/tex/generic/pgf/math/pgfmathparser.code.tex
\pgfmath@dimen=\dimen268
\pgfmath@count=\count319
\pgfmath@box=\box112
\pgfmath@toks=\toks39
\pgfmath@stack@operand=\toks40
\pgfmath@stack@operation=\toks41
)
(/usr/share/texmf-dist/tex/generic/pgf/math/pgfmathfunctions.code.tex)
(/usr/share/texmf-dist/tex/generic/pgf/math/pgfmathfunctions.basic.code.tex)
(/usr/share/texmf-dist/tex/generic/pgf/math/pgfmathfunctions.trigonometric.code
.tex)
(/usr/share/texmf-dist/tex/generic/pgf/math/pgfmathfunctions.random.code.tex)
(/usr/share/texmf-dist/tex/generic/pgf/math/pgfmathfunctions.comparison.code.te
x) (/usr/share/texmf-dist/tex/generic/pgf/math/pgfmathfunctions.base.code.tex)
(/usr/share/texmf-dist/tex/generic/pgf/math/pgfmathfunctions.round.code.tex)
(/usr/share/texmf-dist/tex/generic/pgf/math/pgfmathfunctions.misc.code.tex)
(/usr/share/texmf-dist/tex/generic/pgf/math/pgfmathfunctions.integerarithmetics
.code.tex) (/usr/share/texmf-dist/tex/generic/pgf/math/pgfmathcalc.code.tex)
(/usr/share/texmf-dist/tex/generic/pgf/math/pgfmathfloat.code.tex
\c@pgfmathroundto@lastzeros=\count320
))
(/usr/share/texmf-dist/tex/generic/pgf/math/pgfint.code.tex)
(/usr/share/texmf-dist/tex/generic/pgf/basiclayer/pgfcorepoints.code.tex
File: pgfcorepoints.code.tex 2023-01-15 v3.1.10 (3.1.10)
\pgf@picminx=\dimen269
\pgf@picmaxx=\dimen270
\pgf@picminy=\dimen271
\pgf@picmaxy=\dimen272
\pgf@pathminx=\dimen273
\pgf@pathmaxx=\dimen274
\pgf@pathminy=\dimen275
\pgf@pathmaxy=\dimen276
\pgf@xx=\dimen277
\pgf@xy=\dimen278
\pgf@yx=\dimen279
\pgf@yy=\dimen280
\pgf@zx=\dimen281
\pgf@zy=\dimen282
)
(/usr/share/texmf-dist/tex/generic/pgf/basiclayer/pgfcorepathconstruct.code.tex
File: pgfcorepathconstruct.code.tex 2023-01-15 v3.1.10 (3.1.10)
\pgf@path@lastx=\dimen283
\pgf@path@lasty=\dimen284
) (/usr/share/texmf-dist/tex/generic/pgf/basiclayer/pgfcorepathusage.code.tex
File: pgfcorepathusage.code.tex 2023-01-15 v3.1.10 (3.1.10)
\pgf@shorten@end@additional=\dimen285
\pgf@shorten@start@additional=\dimen286
)
(/usr/share/texmf-dist/tex/generic/pgf/basiclayer/pgfcorescopes.code.tex
File: pgfcorescopes.code.tex 2023-01-15 v3.1.10 (3.1.10)
\pgfpic=\box113
\pgf@hbox=\box114
\pgf@layerbox@main=\box115
\pgf@picture@serial@count=\count321
)
(/usr/share/texmf-dist/tex/generic/pgf/basiclayer/pgfcoregraphicstate.code.tex
File: pgfcoregraphicstate.code.tex 2023-01-15 v3.1.10 (3.1.10)
\pgflinewidth=\dimen287
)
(/usr/share/texmf-dist/tex/generic/pgf/basiclayer/pgfcoretransformations.code.t
ex
File: pgfcoretransformations.code.tex 2023-01-15 v3.1.10 (3.1.10)
\pgf@pt@x=\dimen288
\pgf@pt@y=\dimen289
\pgf@pt@temp=\dimen290
) (/usr/share/texmf-dist/tex/generic/pgf/basiclayer/pgfcorequick.code.tex
File: pgfcorequick.code.tex 2023-01-15 v3.1.10 (3.1.10)
)
(/usr/share/texmf-dist/tex/generic/pgf/basiclayer/pgfcoreobjects.code.tex
File: pgfcoreobjects.code.tex 2023-01-15 v3.1.10 (3.1.10)
)
(/usr/share/texmf-dist/tex/generic/pgf/basiclayer/pgfcorepathprocessing.code.te
x
File: pgfcorepathprocessing.code.tex 2023-01-15 v3.1.10 (3.1.10)
) (/usr/share/texmf-dist/tex/generic/pgf/basiclayer/pgfcorearrows.code.tex
File: pgfcorearrows.code.tex 2023-01-15 v3.1.10 (3.1.10)
\pgfarrowsep=\dimen291
)
(/usr/share/texmf-dist/tex/generic/pgf/basiclayer/pgfcoreshade.code.tex
File: pgfcoreshade.code.tex 2023-01-15 v3.1.10 (3.1.10)
\pgf@max=\dimen292
\pgf@sys@shading@range@num=\count322
\pgf@shadingcount=\count323
)
(/usr/share/texmf-dist/tex/generic/pgf/basiclayer/pgfcoreimage.code.tex
File: pgfcoreimage.code.tex 2023-01-15 v3.1.10 (3.1.10)
)
(/usr/share/texmf-dist/tex/generic/pgf/basiclayer/pgfcoreexternal.code.tex
File: pgfcoreexternal.code.tex 2023-01-15 v3.1.10 (3.1.10)
\pgfexternal@startupbox=\box116
)
(/usr/share/texmf-dist/tex/generic/pgf/basiclayer/pgfcorelayers.code.tex
File: pgfcorelayers.code.tex 2023-01-15 v3.1.10 (3.1.10)
)
(/usr/share/texmf-dist/tex/generic/pgf/basiclayer/pgfcoretransparency.code.tex
File: pgfcoretransparency.code.tex 2023-01-15 v3.1.10 (3.1.10)
) (/usr/share/texmf-dist/tex/generic/pgf/basiclayer/pgfcorepatterns.code.tex
File: pgfcorepatterns.code.tex 2023-01-15 v3.1.10 (3.1.10)
)
(/usr/share/texmf-dist/tex/generic/pgf/basiclayer/pgfcorerdf.code.tex
File: pgfcorerdf.code.tex 2023-01-15 v3.1.10 (3.1.10)
)))
(/usr/share/texmf-dist/tex/generic/pgf/modules/pgfmoduleshapes.code.tex
File: pgfmoduleshapes.code.tex 2023-01-15 v3.1.10 (3.1.10)
\pgfnodeparttextbox=\box117
)
(/usr/share/texmf-dist/tex/generic/pgf/modules/pgfmoduleplot.code.tex
File: pgfmoduleplot.code.tex 2023-01-15 v3.1.10 (3.1.10)
)
(/usr/share/texmf-dist/tex/latex/pgf/compatibility/pgfcomp-version-0-65.sty
Package: pgfcomp-version-0-65 2023-01-15 v3.1.10 (3.1.10)
\pgf@nodesepstart=\dimen293
\pgf@nodesepend=\dimen294
)
(/usr/share/texmf-dist/tex/latex/pgf/compatibility/pgfcomp-version-1-18.sty
Package: pgfcomp-version-1-18 2023-01-15 v3.1.10 (3.1.10)
))
(/usr/share/texmf-dist/tex/latex/tools/verbatim.sty
Package: verbatim 2022-07-02 v1.5u LaTeX2e package for verbatim enhancements
\every@verbatim=\toks42
\verbatim@line=\toks43
\verbatim@in@stream=\read4
)
(/usr/share/texmf-dist/tex/latex/environ/environ.sty
Package: environ 2014/05/04 v0.3 A new way to define environments

(/usr/share/texmf-dist/tex/latex/trimspaces/trimspaces.sty
Package: trimspaces 2009/09/17 v1.1 Trim spaces around a token list
)
\@envbody=\toks44
)
(/usr/share/texmf-dist/tex/latex/etoolbox/etoolbox.sty
Package: etoolbox 2020/10/05 v2.5k e-TeX tools for LaTeX (JAW)
\etb@tempcnta=\count324
)
\tcb@titlebox=\box118
\tcb@upperbox=\box119
\tcb@lowerbox=\box120
\tcb@phantombox=\box121
\c@tcbbreakpart=\count325
\c@tcblayer=\count326
\c@tcolorbox@number=\count327
\tcb@temp=\box122
\tcb@temp=\box123
\tcb@temp=\box124
\tcb@temp=\box125
)
(/usr/share/texmf-dist/tex/latex/numprint/numprint.sty
Package: numprint 2012/08/20 v1.39 Print numbers (HH)
\c@nprt@mantissa@digitsbefore=\count328
\c@nprt@mantissa@digitsafter=\count329
\c@nprt@exponent@digitsbefore=\count330
\c@nprt@exponent@digitsafter=\count331
\nprt@digitwidth=\skip86
\nprt@sepwidth=\skip87
\nprt@decimalwidth=\skip88
\nprt@blockwidth=\skip89
\nprt@digittoks=\toks45
\nprt@pretoks=\toks46
\nprt@posttoks=\toks47
\nprt@thisdigit=\count332
\nprt@curpos=\count333
\nprt@rndpos=\count334
\c@nprt@digitsfirstblock=\count335
\c@nprt@blockcnt=\count336
\c@nprt@cntprint=\count337

No configuration file `numprint.cfg' found.)
(/usr/share/texmf-dist/tex/latex/caption/subcaption.sty
Package: subcaption 2023/02/19 v1.6 Sub-captions (AR)
Package caption Info: New subtype `subfigure' on input line 239.
\c@subfigure=\count338
Package caption Info: New subtype `subtable' on input line 239.
\c@subtable=\count339
)
(/usr/share/texmf-dist/tex/latex/amsfonts/amsfonts.sty
Package: amsfonts 2013/01/14 v3.01 Basic AMSFonts support
\@emptytoks=\toks48
\symAMSa=\mathgroup4
\symAMSb=\mathgroup5
LaTeX Font Info:    Redeclaring math symbol \hbar on input line 98.
LaTeX Font Info:    Overwriting math alphabet `\mathfrak' in version `bold'
(Font)                  U/euf/m/n --> U/euf/b/n on input line 106.
)
(/usr/share/texmf-dist/tex/latex/amsmath/amsmath.sty
Package: amsmath 2022/04/08 v2.17n AMS math features
\@mathmargin=\skip90

For additional information on amsmath, use the `?' option.
(/usr/share/texmf-dist/tex/latex/amsmath/amstext.sty
Package: amstext 2021/08/26 v2.01 AMS text

(/usr/share/texmf-dist/tex/latex/amsmath/amsgen.sty
File: amsgen.sty 1999/11/30 v2.0 generic functions
\@emptytoks=\toks49
\ex@=\dimen295
))
(/usr/share/texmf-dist/tex/latex/amsmath/amsbsy.sty
Package: amsbsy 1999/11/29 v1.2d Bold Symbols
\pmbraise@=\dimen296
)
(/usr/share/texmf-dist/tex/latex/amsmath/amsopn.sty
Package: amsopn 2022/04/08 v2.04 operator names
)
\inf@bad=\count340
LaTeX Info: Redefining \frac on input line 234.
\uproot@=\count341
\leftroot@=\count342
LaTeX Info: Redefining \overline on input line 399.
LaTeX Info: Redefining \colon on input line 410.
\classnum@=\count343
\DOTSCASE@=\count344
LaTeX Info: Redefining \ldots on input line 496.
LaTeX Info: Redefining \dots on input line 499.
LaTeX Info: Redefining \cdots on input line 620.
\Mathstrutbox@=\box126
\strutbox@=\box127
LaTeX Info: Redefining \big on input line 722.
LaTeX Info: Redefining \Big on input line 723.
LaTeX Info: Redefining \bigg on input line 724.
LaTeX Info: Redefining \Bigg on input line 725.
\big@size=\dimen297
LaTeX Font Info:    Redeclaring font encoding OML on input line 743.
LaTeX Font Info:    Redeclaring font encoding OMS on input line 744.
\macc@depth=\count345
LaTeX Info: Redefining \bmod on input line 905.
LaTeX Info: Redefining \pmod on input line 910.
LaTeX Info: Redefining \smash on input line 940.
LaTeX Info: Redefining \relbar on input line 970.
LaTeX Info: Redefining \Relbar on input line 971.
\c@MaxMatrixCols=\count346
\dotsspace@=\muskip17
\c@parentequation=\count347
\dspbrk@lvl=\count348
\tag@help=\toks50
\row@=\count349
\column@=\count350
\maxfields@=\count351
\andhelp@=\toks51
\eqnshift@=\dimen298
\alignsep@=\dimen299
\tagshift@=\dimen300
\tagwidth@=\dimen301
\totwidth@=\dimen302
\lineht@=\dimen303
\@envbody=\toks52
\multlinegap=\skip91
\multlinetaggap=\skip92
\mathdisplay@stack=\toks53
LaTeX Info: Redefining \[ on input line 2953.
LaTeX Info: Redefining \] on input line 2954.
)
(/usr/share/texmf-dist/tex/latex/doublestroke/dsfont.sty
Package: dsfont 1995/08/01 v0.1 Double stroke roman fonts
)
(/usr/share/texmf-dist/tex/latex/mathtools/mathtools.sty
Package: mathtools 2022/06/29 v1.29 mathematical typesetting tools

(/usr/share/texmf-dist/tex/latex/tools/calc.sty
Package: calc 2017/05/25 v4.3 Infix arithmetic (KKT,FJ)
\calc@Acount=\count352
\calc@Bcount=\count353
\calc@Adimen=\dimen304
\calc@Bdimen=\dimen305
\calc@Askip=\skip93
\calc@Bskip=\skip94
LaTeX Info: Redefining \setlength on input line 80.
LaTeX Info: Redefining \addtolength on input line 81.
\calc@Ccount=\count354
\calc@Cskip=\skip95
)
(/usr/share/texmf-dist/tex/latex/mathtools/mhsetup.sty
Package: mhsetup 2021/03/18 v1.4 programming setup (MH)
)
\g_MT_multlinerow_int=\count355
\l_MT_multwidth_dim=\dimen306
\origjot=\skip96
\l_MT_shortvdotswithinadjustabove_dim=\dimen307
\l_MT_shortvdotswithinadjustbelow_dim=\dimen308
\l_MT_above_intertext_sep=\dimen309
\l_MT_below_intertext_sep=\dimen310
\l_MT_above_shortintertext_sep=\dimen311
\l_MT_below_shortintertext_sep=\dimen312
\xmathstrut@box=\box128
\xmathstrut@dim=\dimen313
)
(/usr/share/texmf-dist/tex/latex/newtx/newtxtext.sty
Package: newtxtext 2022/02/28 v1.71(Michael Sharpe) latex and unicode latex sup
port for TeXGyreTermesX

`newtxtext' v1.71, 2022/02/28 Text macros taking advantage of TeXGyre Termes an
d its extensions (msharpe) (/usr/share/texmf-dist/tex/latex/xkeyval/xkeyval.sty
Package: xkeyval 2022/06/16 v2.9 package option processing (HA)
(/usr/share/texmf-dist/tex/generic/xkeyval/xkeyval.tex
(/usr/share/texmf-dist/tex/generic/xkeyval/xkvutils.tex
\XKV@toks=\toks54
\XKV@tempa@toks=\toks55
)
\XKV@depth=\count356
File: xkeyval.tex 2014/12/03 v2.7a key=value parser (HA)
))
(/usr/share/texmf-dist/tex/latex/base/textcomp.sty
Package: textcomp 2020/02/02 v2.0n Standard LaTeX package
)
(/usr/share/texmf-dist/tex/generic/xstring/xstring.sty
(/usr/share/texmf-dist/tex/generic/xstring/xstring.tex
\integerpart=\count357
\decimalpart=\count358
)
Package: xstring 2023/01/14 v1.85 String manipulations (CT)
)
(/usr/share/texmf-dist/tex/latex/carlisle/scalefnt.sty)
LaTeX Font Info:    Setting ntxLF sub-encoding to TS1/0 on input line 21.
LaTeX Font Info:    Setting ntxTLF sub-encoding to TS1/0 on input line 21.
LaTeX Font Info:    Setting ntxOsF sub-encoding to TS1/0 on input line 21.
LaTeX Font Info:    Setting ntxTOsF sub-encoding to TS1/0 on input line 21.

(/usr/share/texmf-dist/tex/generic/kastrup/binhex.tex)
\ntx@tmpcnta=\count359
\ntx@cnt=\count360

ntx@otftextfalse
(/usr/share/texmf-dist/tex/latex/fontaxes/fontaxes.sty
Package: fontaxes 2020/07/21 v1.0e Font selection axes
LaTeX Info: Redefining \upshape on input line 29.
LaTeX Info: Redefining \itshape on input line 31.
LaTeX Info: Redefining \slshape on input line 33.
LaTeX Info: Redefining \swshape on input line 35.
LaTeX Info: Redefining \scshape on input line 37.
LaTeX Info: Redefining \sscshape on input line 39.
LaTeX Info: Redefining \ulcshape on input line 41.
LaTeX Info: Redefining \textsw on input line 47.
LaTeX Info: Redefining \textssc on input line 48.
LaTeX Info: Redefining \textulc on input line 49.
)
LaTeX Info: Redefining \oldstylenums on input line 657.
)
(/usr/share/texmf-dist/tex/latex/newtx/newtxmath.sty
Package: newtxmath 2022/01/16 v1.71

`newtxmath' v1.71, 2022/01/16 Math macros based originally on txfonts (msharpe)
(/usr/share/texmf-dist/tex/generic/iftex/ifxetex.sty
Package: ifxetex 2019/10/25 v0.7 ifxetex legacy package. Use iftex instead.
)
(/usr/share/texmf-dist/tex/generic/iftex/ifluatex.sty
Package: ifluatex 2019/10/25 v1.5 ifluatex legacy package. Use iftex instead.
)
(/usr/share/texmf-dist/tex/latex/oberdiek/centernot.sty
Package: centernot 2016/05/16 v1.4 Centers the not symbol horizontally (HO)
)
\tx@cntz=\count361

(/usr/share/texmf-dist/tex/generic/kastrup/binhex.tex)
\tx@Isdigit=\count362
\tx@IsAlNum=\count363
\tx@tA=\toks56
\tx@tB=\toks57
\tx@su=\read5

amsthm NOT loaded
LaTeX Font Info:    Redeclaring symbol font `operators' on input line 376.
LaTeX Font Info:    Overwriting symbol font `operators' in version `normal'
(Font)                  OT1/lmr/m/n --> OT1/minntx/m/n on input line 376.
LaTeX Font Info:    Overwriting symbol font `operators' in version `bold'
(Font)                  OT1/lmr/bx/n --> OT1/minntx/m/n on input line 376.
LaTeX Font Info:    Overwriting symbol font `operators' in version `bold'
(Font)                  OT1/minntx/m/n --> OT1/minntx/b/n on input line 377.
LaTeX Font Info:    Redeclaring math alphabet \mathsf on input line 383.
LaTeX Font Info:    Overwriting math alphabet `\mathsf' in version `normal'
(Font)                  OT1/lmss/m/n --> T1/qhv/m/n on input line 383.
LaTeX Font Info:    Overwriting math alphabet `\mathsf' in version `bold'
(Font)                  OT1/lmss/bx/n --> T1/qhv/m/n on input line 383.
LaTeX Font Info:    Redeclaring math alphabet \mathit on input line 384.
LaTeX Font Info:    Overwriting math alphabet `\mathit' in version `normal'
(Font)                  OT1/lmr/m/it --> OT1/minntx/m/it on input line 384.
LaTeX Font Info:    Overwriting math alphabet `\mathit' in version `bold'
(Font)                  OT1/lmr/bx/it --> OT1/minntx/m/it on input line 384.
LaTeX Font Info:    Redeclaring math alphabet \mathtt on input line 385.
LaTeX Font Info:    Overwriting math alphabet `\mathtt' in version `normal'
(Font)                  OT1/lmtt/m/n --> T1/ntxtt/m/n on input line 385.
LaTeX Font Info:    Overwriting math alphabet `\mathtt' in version `bold'
(Font)                  OT1/lmtt/m/n --> T1/ntxtt/m/n on input line 385.
LaTeX Font Info:    Redeclaring math alphabet \mathbf on input line 387.
LaTeX Font Info:    Overwriting math alphabet `\mathbf' in version `normal'
(Font)                  OT1/lmr/bx/n --> OT1/minntx/b/n on input line 387.
LaTeX Font Info:    Overwriting math alphabet `\mathbf' in version `bold'
(Font)                  OT1/lmr/bx/n --> OT1/minntx/b/n on input line 387.
LaTeX Font Info:    Overwriting math alphabet `\mathit' in version `bold'
(Font)                  OT1/minntx/m/it --> OT1/minntx/b/it on input line 388.
LaTeX Font Info:    Overwriting math alphabet `\mathsf' in version `bold'
(Font)                  T1/qhv/m/n --> T1/qhv/b/n on input line 389.
LaTeX Font Info:    Overwriting math alphabet `\mathtt' in version `bold'
(Font)                  T1/ntxtt/m/n --> T1/ntxtt/b/n on input line 390.
LaTeX Font Info:    Redeclaring symbol font `letters' on input line 491.
LaTeX Font Info:    Overwriting symbol font `letters' in version `normal'
(Font)                  OML/lmm/m/it --> OML/ntxmi/m/it on input line 491.
LaTeX Font Info:    Overwriting symbol font `letters' in version `bold'
(Font)                  OML/lmm/b/it --> OML/ntxmi/m/it on input line 491.
LaTeX Font Info:    Overwriting symbol font `letters' in version `bold'
(Font)                  OML/ntxmi/m/it --> OML/ntxmi/b/it on input line 492.
\symlettersA=\mathgroup6
LaTeX Font Info:    Overwriting symbol font `lettersA' in version `bold'
(Font)                  U/ntxmia/m/it --> U/ntxmia/b/it on input line 547.
LaTeX Font Info:    Redeclaring math alphabet \mathfrak on input line 549.
Now handling font encoding LMS ...
... no UTF-8 mapping file for font encoding LMS
LaTeX Font Info:    Redeclaring symbol font `symbols' on input line 568.
LaTeX Font Info:    Encoding `OMS' has changed to `LMS' for symbol font
(Font)              `symbols' in the math version `normal' on input line 568.
LaTeX Font Info:    Overwriting symbol font `symbols' in version `normal'
(Font)                  OMS/lmsy/m/n --> LMS/ntxsy/m/n on input line 568.
LaTeX Font Info:    Encoding `OMS' has changed to `LMS' for symbol font
(Font)              `symbols' in the math version `bold' on input line 568.
LaTeX Font Info:    Overwriting symbol font `symbols' in version `bold'
(Font)                  OMS/lmsy/b/n --> LMS/ntxsy/m/n on input line 568.
LaTeX Font Info:    Overwriting symbol font `symbols' in version `bold'
(Font)                  LMS/ntxsy/m/n --> LMS/ntxsy/b/n on input line 569.
\symAMSm=\mathgroup7
LaTeX Font Info:    Overwriting symbol font `AMSm' in version `bold'
(Font)                  U/ntxsym/m/n --> U/ntxsym/b/n on input line 594.
\symsymbolsC=\mathgroup8
LaTeX Font Info:    Overwriting symbol font `symbolsC' in version `bold'
(Font)                  U/ntxsyc/m/n --> U/ntxsyc/b/n on input line 615.
Now handling font encoding LMX ...
... no UTF-8 mapping file for font encoding LMX
LaTeX Font Info:    Redeclaring symbol font `largesymbols' on input line 628.
LaTeX Font Info:    Encoding `OMX' has changed to `LMX' for symbol font
(Font)              `largesymbols' in the math version `normal' on input line 6
28.
LaTeX Font Info:    Overwriting symbol font `largesymbols' in version `normal'
(Font)                  OMX/lmex/m/n --> LMX/ntxexx/m/n on input line 628.
LaTeX Font Info:    Encoding `OMX' has changed to `LMX' for symbol font
(Font)              `largesymbols' in the math version `bold' on input line 628
.
LaTeX Font Info:    Overwriting symbol font `largesymbols' in version `bold'
(Font)                  OMX/lmex/m/n --> LMX/ntxexx/m/n on input line 628.
LaTeX Font Info:    Overwriting symbol font `largesymbols' in version `bold'
(Font)                  LMX/ntxexx/m/n --> LMX/ntxexx/b/n on input line 629.
\symlargesymbolsTXA=\mathgroup9
LaTeX Font Info:    Overwriting symbol font `largesymbolsTXA' in version `bold'

(Font)                  U/ntxexa/m/n --> U/ntxexa/b/n on input line 643.
\tx@sbptoks=\toks58
LaTeX Font Info:    Redeclaring math delimiter \lfloor on input line 866.
LaTeX Font Info:    Redeclaring math delimiter \rfloor on input line 867.
LaTeX Font Info:    Redeclaring math delimiter \lceil on input line 868.
LaTeX Font Info:    Redeclaring math delimiter \rceil on input line 869.
LaTeX Font Info:    Redeclaring math delimiter \lbrace on input line 870.
LaTeX Font Info:    Redeclaring math delimiter \rbrace on input line 871.
LaTeX Font Info:    Redeclaring math delimiter \langle on input line 872.
LaTeX Font Info:    Redeclaring math delimiter \rangle on input line 874.
LaTeX Font Info:    Redeclaring math delimiter \arrowvert on input line 878.
LaTeX Font Info:    Redeclaring math delimiter \vert on input line 879.
LaTeX Font Info:    Redeclaring math accent \dot on input line 950.
LaTeX Font Info:    Redeclaring math accent \ddot on input line 951.
LaTeX Font Info:    Redeclaring math accent \vec on input line 2020.
LaTeX Info: Redefining \Bbbk on input line 2810.
LaTeX Info: Redefining \not on input line 2959.
) (/usr/share/texmf-dist/tex/latex/siunitx/siunitx.sty
Package: siunitx 2023-03-04 v3.2.2 A comprehensive (SI) units package
\l__siunitx_angle_tmp_dim=\dimen314
\l__siunitx_angle_marker_box=\box129
\l__siunitx_angle_unit_box=\box130
\l__siunitx_compound_count_int=\count364

(/usr/share/texmf-dist/tex/latex/translations/translations.sty
Package: translations 2022/02/05 v1.12 internationalization of LaTeX2e packages
 (CN)
)
\l__siunitx_number_exponent_fixed_int=\count365
\l__siunitx_number_min_decimal_int=\count366
\l__siunitx_number_min_integer_int=\count367
\l__siunitx_number_round_precision_int=\count368
\l__siunitx_number_lower_threshold_int=\count369
\l__siunitx_number_upper_threshold_int=\count370
\l__siunitx_number_group_first_int=\count371
\l__siunitx_number_group_size_int=\count372
\l__siunitx_number_group_minimum_int=\count373
\l__siunitx_table_tmp_box=\box131
\l__siunitx_table_tmp_dim=\dimen315
\l__siunitx_table_column_width_dim=\dimen316
\l__siunitx_table_integer_box=\box132
\l__siunitx_table_decimal_box=\box133
\l__siunitx_table_uncert_box=\box134
\l__siunitx_table_before_box=\box135
\l__siunitx_table_after_box=\box136
\l__siunitx_table_before_dim=\dimen317
\l__siunitx_table_carry_dim=\dimen318
\l__siunitx_unit_tmp_int=\count374
\l__siunitx_unit_position_int=\count375
\l__siunitx_unit_total_int=\count376
))
LaTeX Font Info:    Trying to load font information for T1+ntxtlf on input line
 4.

(/usr/share/texmf-dist/tex/latex/newtx/t1ntxtlf.fd
File: t1ntxtlf.fd 2021/05/24 v1.1 font definition file for T1/ntx/tlf
)
LaTeX Font Info:    Font shape `T1/ntxtlf/m/n' will be
(Font)              scaled to size 10.95pt on input line 4.

(/usr/share/texmf-dist/tex/latex/l3backend/l3backend-pdftex.def
File: l3backend-pdftex.def 2023-01-16 L3 backend support: PDF output (pdfTeX)
\l__color_backend_stack_int=\count377
\l__pdf_internal_box=\box137
)
(./build/principal.aux

LaTeX Warning: Label `fig:correlation-quarter-poisson-finding-asleep' multiply 
defined.


LaTeX Warning: Label `sub@fig:correlation-quarter-poisson-finding-asleep' multi
ply defined.

)
\openout1 = `principal.aux'.

LaTeX Font Info:    Checking defaults for OML/ntxmi/m/it on input line 4.
LaTeX Font Info:    Trying to load font information for OML+ntxmi on input line
 4.
 (/usr/share/texmf-dist/tex/latex/newtx/omlntxmi.fd
File: omlntxmi.fd 2015/08/25 Fontinst v1.933 font definitions for OML/ntxmi.
)
LaTeX Font Info:    ... okay on input line 4.
LaTeX Font Info:    Checking defaults for OMS/cmsy/m/n on input line 4.
LaTeX Font Info:    ... okay on input line 4.
LaTeX Font Info:    Checking defaults for OT1/cmr/m/n on input line 4.
LaTeX Font Info:    ... okay on input line 4.
LaTeX Font Info:    Checking defaults for T1/cmr/m/n on input line 4.
LaTeX Font Info:    ... okay on input line 4.
LaTeX Font Info:    Checking defaults for TS1/cmr/m/n on input line 4.
LaTeX Font Info:    ... okay on input line 4.
LaTeX Font Info:    Checking defaults for OMX/cmex/m/n on input line 4.
LaTeX Font Info:    ... okay on input line 4.
LaTeX Font Info:    Checking defaults for U/ntxexa/m/n on input line 4.
LaTeX Font Info:    Trying to load font information for U+ntxexa on input line 
4.

(/usr/share/texmf-dist/tex/latex/newtx/untxexa.fd
File: untxexa.fd 2012/04/16 Fontinst v1.933 font definitions for U/ntxexa.
)
LaTeX Font Info:    ... okay on input line 4.
LaTeX Font Info:    Checking defaults for PD1/pdf/m/n on input line 4.
LaTeX Font Info:    ... okay on input line 4.
LaTeX Font Info:    Checking defaults for PU/pdf/m/n on input line 4.
LaTeX Font Info:    ... okay on input line 4.
LaTeX Font Info:    Checking defaults for LMS/ntxsy/m/n on input line 4.
LaTeX Font Info:    Trying to load font information for LMS+ntxsy on input line
 4.

(/usr/share/texmf-dist/tex/latex/newtx/lmsntxsy.fd
File: lmsntxsy.fd 2016/07/02 Fontinst v1.933 font definitions for LMS/ntxsy.
)
LaTeX Font Info:    ... okay on input line 4.
LaTeX Font Info:    Checking defaults for LMX/ntxexx/m/n on input line 4.
LaTeX Font Info:    Trying to load font information for LMX+ntxexx on input lin
e 4.

(/usr/share/texmf-dist/tex/latex/newtx/lmxntxexx.fd
File: lmxntxexx.fd 2016/07/03 Fontinst v1.933 font definitions for LMX/ntxexx.
)
LaTeX Font Info:    ... okay on input line 4.
Package hyperref Info: Link coloring OFF on input line 4.
 (./build/principal.out)
(./build/principal.out)
\@outlinefile=\write4
\openout4 = `principal.out'.


*geometry* driver: auto-detecting
*geometry* detected driver: pdftex
*geometry* verbose mode - [ preamble ] result:
* driver: pdftex
* paper: a4paper
* layout: <same size as paper>
* layoutoffset:(h,v)=(0.0pt,0.0pt)
* modes: includehead twoside 
* h-part:(L,W,R)=(71.13188pt, 483.69687pt, 42.67912pt)
* v-part:(T,H,B)=(56.9055pt, 731.23584pt, 56.9055pt)
* \paperwidth=597.50787pt
* \paperheight=845.04684pt
* \textwidth=483.69687pt
* \textheight=694.29022pt
* \oddsidemargin=-1.1381pt
* \evensidemargin=-29.59087pt
* \topmargin=-15.36449pt
* \headheight=17.07182pt
* \headsep=19.8738pt
* \topskip=11.0pt
* \footskip=27.46295pt
* \marginparwidth=116.0pt
* \marginparsep=7.0pt
* \columnsep=10.0pt
* \skip\footins=10.0pt plus 4.0pt minus 2.0pt
* \hoffset=0.0pt
* \voffset=0.0pt
* \mag=1000
* \@twocolumnfalse
* \@twosidetrue
* \@mparswitchtrue
* \@reversemarginfalse
* (1in=72.27pt=25.4mm, 1cm=28.453pt)

(/usr/share/texmf-dist/tex/context/base/mkii/supp-pdf.mkii
[Loading MPS to PDF converter (version 2006.09.02).]
\scratchcounter=\count378
\scratchdimen=\dimen319
\scratchbox=\box138
\nofMPsegments=\count379
\nofMParguments=\count380
\everyMPshowfont=\toks59
\MPscratchCnt=\count381
\MPscratchDim=\dimen320
\MPnumerator=\count382
\makeMPintoPDFobject=\count383
\everyMPtoPDFconversion=\toks60
) (/usr/share/texmf-dist/tex/latex/epstopdf-pkg/epstopdf-base.sty
Package: epstopdf-base 2020-01-24 v2.11 Base part for package epstopdf
Package epstopdf-base Info: Redefining graphics rule for `.eps' on input line 4
85.

(/usr/share/texmf-dist/tex/latex/latexconfig/epstopdf-sys.cfg
File: epstopdf-sys.cfg 2010/07/13 v1.3 Configuration of (r)epstopdf for TeX Liv
e
))
Package caption Info: Begin \AtBeginDocument code.
Package caption Info: float package is loaded.
Package caption Info: listings package is loaded.
Package caption Info: wrapfig package is loaded.
Package caption Info: End \AtBeginDocument code.
\c@lstlisting=\count384
LaTeX Info: Command `\dddot' is already robust on input line 4.
LaTeX Info: Command `\ddddot' is already robust on input line 4.
\c@mv@tabular=\count385
\c@mv@boldtabular=\count386

(/usr/share/texmf-dist/tex/latex/translations/translations-basic-dictionary-eng
lish.trsl
File: translations-basic-dictionary-english.trsl (english translation file `tra
nslations-basic-dictionary')
)
Package translations Info: loading dictionary `translations-basic-dictionary' f
or `english'. on input line 4.
 (./title_page/title_page.tex
Package epstopdf Info: Source file: <title_page/images//logo_unitrento.eps>
(epstopdf)                    date: 2023-10-14 16:03:17
(epstopdf)                    size: 89293 bytes
(epstopdf)             Output file: <title_page/images//logo_unitrento-eps-conv
erted-to.pdf>
(epstopdf)                    date: 2023-10-14 16:03:17
(epstopdf)                    size: 82690 bytes
(epstopdf)             Command: <repstopdf --outfile=title_page/images//logo_un
itrento-eps-converted-to.pdf title_page/images//logo_unitrento.eps>
(epstopdf)             \includegraphics on input line 8.
Package epstopdf Info: Output file is already uptodate.
<title_page/images//logo_unitrento-eps-converted-to.pdf, id=228, 370.38374pt x 
115.43124pt>
File: title_page/images//logo_unitrento-eps-converted-to.pdf Graphic file (type
 pdf)
<use title_page/images//logo_unitrento-eps-converted-to.pdf>
Package pdftex.def Info: title_page/images//logo_unitrento-eps-converted-to.pdf
  used on input line 8.
(pdftex.def)             Requested size: 290.22107pt x 90.4499pt.
LaTeX Font Info:    Font shape `T1/ntxtlf/m/n' will be
(Font)              scaled to size 14.4pt on input line 13.
LaTeX Font Info:    Font shape `T1/ntxtlf/m/n' will be
(Font)              scaled to size 17.28pt on input line 16.
LaTeX Font Info:    Font shape `T1/ntxtlf/m/sc' will be
(Font)              scaled to size 17.28pt on input line 16.
) [1

{/var/lib/texmf/fonts/map/pdftex/updmap/pdftex.map}{/usr/share/texmf-dist/fonts
/enc/dvips/newtx/ntx-ec-tlf.enc}{/usr/share/texmf-dist/fonts/enc/dvips/newtx/nt
x-ec-tlf-pc.enc} <./title_page/images//logo_unitrento-eps-converted-to.pdf>]
pdfTeX warning (ext4): destination with the same identifier (name{page.}) has b
een already used, duplicate ignored
<to be read again> 
                   \relax 
l.9     \tableofcontents
                         [2

]
LaTeX Font Info:    Font shape `T1/ntxtlf/m/n' will be
(Font)              scaled to size 24.88pt on input line 9.
LaTeX Font Info:    Font shape `T1/ntxtlf/b/n' will be
(Font)              scaled to size 24.88pt on input line 9.
 (./build/principal.toc
LaTeX Font Info:    Font shape `T1/ntxtlf/b/n' will be
(Font)              scaled to size 10.95pt on input line 2.
LaTeX Font Info:    Trying to load font information for OT1+minntx on input lin
e 4.

(/usr/share/texmf-dist/tex/latex/newtx/ot1minntx.fd
File: ot1minntx.fd 2022/01/20 v1.0 font definition file for OT1/minntx
)
LaTeX Font Info:    Trying to load font information for U+msa on input line 4.

(/usr/share/texmf-dist/tex/latex/amsfonts/umsa.fd
File: umsa.fd 2013/01/14 v3.01 AMS symbols A
)
LaTeX Font Info:    Trying to load font information for U+msb on input line 4.

(/usr/share/texmf-dist/tex/latex/amsfonts/umsb.fd
File: umsb.fd 2013/01/14 v3.01 AMS symbols B
)
LaTeX Font Info:    Trying to load font information for U+ntxmia on input line 
4.

(/usr/share/texmf-dist/tex/latex/newtx/untxmia.fd
File: untxmia.fd 2018/04/14 Fontinst v1.933 font definitions for U/ntxmia.
)
LaTeX Font Info:    Trying to load font information for U+ntxsym on input line 
4.

(/usr/share/texmf-dist/tex/latex/newtx/untxsym.fd
File: untxsym.fd 2015/03/20 Fontinst v1.933 font definitions for U/ntxsym.
)
LaTeX Font Info:    Trying to load font information for U+ntxsyc on input line 
4.

(/usr/share/texmf-dist/tex/latex/newtx/untxsyc.fd
File: untxsyc.fd 2012/04/12 Fontinst v1.933 font definitions for U/ntxsyc.
)
pdfTeX warning (ext4): destination with the same identifier (name{page.}) has b
een already used, duplicate ignored
<to be read again> 
                   \relax 
l.46 ...orrelation matrices}{25}{subsection.3.2.4}
                                                  % [3])
\tf@toc=\write5
\openout5 = `principal.toc'.


(./chapters/01/abstract.tex [1] [2

]
LaTeX Font Info:    Font shape `T1/ntxtlf/m/it' will be
(Font)              scaled to size 10.95pt on input line 8.
) (./chapters/02/introduction.tex [3]
[4

]
Chapter 1.
LaTeX Font Info:    Font shape `T1/ntxtlf/m/n' will be
(Font)              scaled to size 20.74pt on input line 2.
LaTeX Font Info:    Font shape `T1/ntxtlf/b/n' will be
(Font)              scaled to size 20.74pt on input line 2.
LaTeX Font Info:    Font shape `T1/ntxtlf/b/n' will be
(Font)              scaled to size 14.4pt on input line 4.
LaTeX Font Info:    Font shape `T1/ntxtlf/m/n' will be
(Font)              scaled to size 12.0pt on input line 9.
LaTeX Font Info:    Font shape `T1/ntxtlf/b/n' will be
(Font)              scaled to size 12.0pt on input line 9.

Underfull \hbox (badness 10000) in paragraph at lines 17--20

 []

[5] [6]
<chapters/02/images/organisation_olfactory_system.png, id=376, 2061.7025pt x 14
84.54625pt>
File: chapters/02/images/organisation_olfactory_system.png Graphic file (type p
ng)
<use chapters/02/images/organisation_olfactory_system.png>
Package pdftex.def Info: chapters/02/images/organisation_olfactory_system.png  
used on input line 85.
(pdftex.def)             Requested size: 386.95897pt x 278.62357pt.
LaTeX Font Info:    Font shape `T1/ntxtlf/m/n' will be
(Font)              scaled to size 10.0pt on input line 86.
LaTeX Font Info:    Font shape `T1/ntxtlf/b/n' will be
(Font)              scaled to size 10.0pt on input line 86.

Underfull \hbox (badness 10000) in paragraph at lines 91--102

 []

[7]
<chapters/02/images/antennal_lobe_organization.png, id=388, 951.555pt x 548.047
5pt>
File: chapters/02/images/antennal_lobe_organization.png Graphic file (type png)

<use chapters/02/images/antennal_lobe_organization.png>
Package pdftex.def Info: chapters/02/images/antennal_lobe_organization.png  use
d on input line 105.
(pdftex.def)             Requested size: 386.95897pt x 222.86954pt.
 [8 <./chapters/02/images/organisation_olfactory_system.png (PNG copy)>]
<chapters/02/images/neuron_anatomy.jpg, id=406, 542.025pt x 266.9975pt>
File: chapters/02/images/neuron_anatomy.jpg Graphic file (type jpg)
<use chapters/02/images/neuron_anatomy.jpg>
Package pdftex.def Info: chapters/02/images/neuron_anatomy.jpg  used on input l
ine 149.
(pdftex.def)             Requested size: 386.95897pt x 190.62064pt.

[9 <./chapters/02/images/antennal_lobe_organization.png>] [10{/usr/share/texmf-
dist/fonts/enc/dvips/newtx/ntx-ot1-tlf.enc} <./chapters/02/images/neuron_anatom
y.jpg>]
<chapters/02/images/lif-schema.png, id=432, 513.92pt x 257.96375pt>
File: chapters/02/images/lif-schema.png Graphic file (type png)
<use chapters/02/images/lif-schema.png>
Package pdftex.def Info: chapters/02/images/lif-schema.png  used on input line 
182.
(pdftex.def)             Requested size: 386.95897pt x 194.23988pt.
<chapters/02/images/lif-behavior.png, id=436, 715.63011pt x 358.20782pt>
File: chapters/02/images/lif-behavior.png Graphic file (type png)
<use chapters/02/images/lif-behavior.png>
Package pdftex.def Info: chapters/02/images/lif-behavior.png  used on input lin
e 204.
(pdftex.def)             Requested size: 386.95897pt x 193.6917pt.
LaTeX Font Info:    Font shape `T1/ntxtlf/m/n' will be
(Font)              scaled to size 7.3pt on input line 205.
LaTeX Font Info:    Font shape `T1/ntxtlf/m/n' will be
(Font)              scaled to size 5.5pt on input line 205.
 [11 <./chapters/02/images/lif-schema.png>] [12 <./chapters/02/images/lif-behav
ior.png (PNG copy)>]
<chapters/02/images/ann-vs-snn.jpg, id=466, 337.5009pt x 211.0284pt>
File: chapters/02/images/ann-vs-snn.jpg Graphic file (type jpg)
<use chapters/02/images/ann-vs-snn.jpg>
Package pdftex.def Info: chapters/02/images/ann-vs-snn.jpg  used on input line 
268.
(pdftex.def)             Requested size: 386.95897pt x 241.94981pt.
 [13 <./chapters/02/images/ann-vs-snn.jpg>])
(./chapters/03/objectives.tex
Overfull \hbox (23.88829pt too wide) in paragraph at lines 284--2
\T1/ntxtlf/m/n/10.95 All the code used to gen-er-ate the re-sults pre-sented in
 this work is avail-able at []https://github.com/giacThePhantom/genn-
 []

[14]
Chapter 2.
<chapters/03/images/exp-change-correlation.png, id=488, 867.24pt x 414.54875pt>

File: chapters/03/images/exp-change-correlation.png Graphic file (type png)
<use chapters/03/images/exp-change-correlation.png>
Package pdftex.def Info: chapters/03/images/exp-change-correlation.png  used on
 input line 16.
(pdftex.def)             Requested size: 386.95897pt x 184.97015pt.
[15

]
<chapters/03/images/pipeline.png, id=504, 1187.43625pt x 637.38126pt>
File: chapters/03/images/pipeline.png Graphic file (type png)
<use chapters/03/images/pipeline.png>
Package pdftex.def Info: chapters/03/images/pipeline.png  used on input line 45
.
(pdftex.def)             Requested size: 386.95897pt x 207.71054pt.
) (./chapters/04/materials_and_methods.tex [16 <./chapters/03/images/exp-change
-correlation.png> <./chapters/03/images/pipeline.png>]
Chapter 3.
<chapters/04/images/al-architecture.png, id=519, 1236.62pt x 954.56625pt>
File: chapters/04/images/al-architecture.png Graphic file (type png)
<use chapters/04/images/al-architecture.png>
Package pdftex.def Info: chapters/04/images/al-architecture.png  used on input 
line 17.
(pdftex.def)             Requested size: 386.95897pt x 298.69449pt.
LaTeX Font Info:    Trying to load font information for TS1+ntxtlf on input lin
e 27.
(/usr/share/texmf-dist/tex/latex/newtx/ts1ntxtlf.fd
File: ts1ntxtlf.fd 2015/01/18 v1.0 fd file for TS1/ntxtlf
)
LaTeX Font Info:    Font shape `TS1/ntxtlf/m/n' will be
(Font)              scaled to size 10.95pt on input line 27.
 [17

{/usr/share/texmf-dist/fonts/enc/dvips/tex-gyre/q-ts1.enc}] [18 <./chapters/04/
images/al-architecture.png>] [19] (./chapters/04/pseudocode/mnrm.tex
LaTeX Font Info:    Trying to load font information for T1+ntxtt on input line 
14.

(/usr/share/texmf-dist/tex/latex/newtx/t1ntxtt.fd
File: t1ntxtt.fd 2012/04/20 v3.1
)
LaTeX Font Info:    Font shape `T1/ntxtt/m/n' will be
(Font)              scaled to size 10.95pt on input line 14.
) [20]
<chapters/04/images/poisson_train_example.png, id=566, 658.3797pt x 338.2236pt>

File: chapters/04/images/poisson_train_example.png Graphic file (type png)
<use chapters/04/images/poisson_train_example.png>
Package pdftex.def Info: chapters/04/images/poisson_train_example.png  used on 
input line 164.
(pdftex.def)             Requested size: 386.95897pt x 198.78638pt.
LaTeX Font Info:    Font shape `T1/ntxtlf/m/it' will be
(Font)              scaled to size 10.0pt on input line 165.
 [21 <./chapters/04/images/poisson_train_example.png>] [22] [23] [24] [25] [26]
)
(./chapters/05/results.tex [27] [28

]
Chapter 4.
<chapters/05/images//or_activation_without_poisson_0.0_6000.0.png, id=679, 449.
20967pt x 180.36526pt>
File: chapters/05/images//or_activation_without_poisson_0.0_6000.0.png Graphic 
file (type png)
<use chapters/05/images//or_activation_without_poisson_0.0_6000.0.png>
Package pdftex.def Info: chapters/05/images//or_activation_without_poisson_0.0_
6000.0.png  used on input line 16.
(pdftex.def)             Requested size: 483.69687pt x 194.21912pt.

Underfull \hbox (badness 10000) in paragraph at lines 21--23

 []

<chapters/05/images//q10.png, id=684, 658.3797pt x 338.2236pt>
File: chapters/05/images//q10.png Graphic file (type png)
<use chapters/05/images//q10.png>
Package pdftex.def Info: chapters/05/images//q10.png  used on input line 47.
(pdftex.def)             Requested size: 483.69687pt x 248.48557pt.
<chapters/05/images//or_activation_with_poisson.png, id=686, 463.35394pt x 90.8
5371pt>
File: chapters/05/images//or_activation_with_poisson.png Graphic file (type png
)
<use chapters/05/images//or_activation_with_poisson.png>
Package pdftex.def Info: chapters/05/images//or_activation_with_poisson.png  us
ed on input line 60.
(pdftex.def)             Requested size: 483.69687pt x 94.84328pt.
[29] [30 <./chapters/05/images//or_activation_without_poisson_0.0_6000.0.png> <
./chapters/05/images//q10.png (PNG copy)>]
Underfull \hbox (badness 10000) in paragraph at lines 65--67

 []

<chapters/05/images//poisson-train-amplitude.png, id=703, 910.40125pt x 1026.83
624pt>
File: chapters/05/images//poisson-train-amplitude.png Graphic file (type png)
<use chapters/05/images//poisson-train-amplitude.png>
Package pdftex.def Info: chapters/05/images//poisson-train-amplitude.png  used 
on input line 90.
(pdftex.def)             Requested size: 232.17242pt x 261.86328pt.
LaTeX Font Info:    Font shape `T1/ntxtlf/m/n' will be
(Font)              scaled to size 9.0pt on input line 91.
LaTeX Font Info:    Font shape `T1/ntxtlf/b/n' will be
(Font)              scaled to size 9.0pt on input line 91.
<chapters/05/images//poisson-train-c.png, id=704, 914.41624pt x 1030.85126pt>
File: chapters/05/images//poisson-train-c.png Graphic file (type png)
<use chapters/05/images//poisson-train-c.png>
Package pdftex.def Info: chapters/05/images//poisson-train-c.png  used on input
 line 96.
(pdftex.def)             Requested size: 232.17242pt x 261.7232pt.
<chapters/05/images//poisson-train-l.png, id=705, 914.41624pt x 1030.85126pt>
File: chapters/05/images//poisson-train-l.png Graphic file (type png)
<use chapters/05/images//poisson-train-l.png>
Package pdftex.def Info: chapters/05/images//poisson-train-l.png  used on input
 line 102.
(pdftex.def)             Requested size: 241.84843pt x 272.63948pt.

Underfull \hbox (badness 10000) in paragraph at lines 88--106
[][] []
 []

<chapters/05/images//correlation-hundreth-poisson.png, id=707, 2168.1pt x 722.7
pt>
File: chapters/05/images//correlation-hundreth-poisson.png Graphic file (type p
ng)
<use chapters/05/images//correlation-hundreth-poisson.png>
Package pdftex.def Info: chapters/05/images//correlation-hundreth-poisson.png  
used on input line 128.
(pdftex.def)             Requested size: 483.69687pt x 161.22205pt.
<chapters/05/images//correlation-hundreth-poisson-increased-noise.png, id=708, 
2168.1pt x 722.7pt>
File: chapters/05/images//correlation-hundreth-poisson-increased-noise.png Grap
hic file (type png)
<use chapters/05/images//correlation-hundreth-poisson-increased-noise.png>
Package pdftex.def Info: chapters/05/images//correlation-hundreth-poisson-incre
ased-noise.png  used on input line 132.
(pdftex.def)             Requested size: 483.69687pt x 161.22205pt.
<chapters/05/images//neuron-no-odor.png, id=710, 470.89067pt x 386.85098pt>
File: chapters/05/images//neuron-no-odor.png Graphic file (type png)
<use chapters/05/images//neuron-no-odor.png>
Package pdftex.def Info: chapters/05/images//neuron-no-odor.png  used on input 
line 144.
(pdftex.def)             Requested size: 483.69687pt x 397.38074pt.

Underfull \hbox (badness 10000) in paragraph at lines 149--153

 []

<chapters/05/images//neuron-no-odor-sdf.png, id=712, 469.34203pt x 355.25867pt>

File: chapters/05/images//neuron-no-odor-sdf.png Graphic file (type png)
<use chapters/05/images//neuron-no-odor-sdf.png>
Package pdftex.def Info: chapters/05/images//neuron-no-odor-sdf.png  used on in
put line 156.
(pdftex.def)             Requested size: 483.69687pt x 366.14275pt.
[31 <./chapters/05/images//or_activation_with_poisson.png>] [32 <./chapters/05/
images//poisson-train-amplitude.png> <./chapters/05/images//poisson-train-c.png
> <./chapters/05/images//poisson-train-l.png>] [33 <./chapters/05/images//corre
lation-hundreth-poisson.png> <./chapters/05/images//correlation-hundreth-poisso
n-increased-noise.png (PNG copy)>] [34 <./chapters/05/images//neuron-no-odor.pn
g>] [35 <./chapters/05/images//neuron-no-odor-sdf.png (PNG copy)>]
<chapters/05/images//neuron-odor.png, id=743, 470.89067pt x 388.50287pt>
File: chapters/05/images//neuron-odor.png Graphic file (type png)
<use chapters/05/images//neuron-odor.png>
Package pdftex.def Info: chapters/05/images//neuron-odor.png  used on input lin
e 167.
(pdftex.def)             Requested size: 483.69687pt x 399.07758pt.
<chapters/05/images//neuron-odor-sdf.png, id=745, 469.755pt x 355.25867pt>
File: chapters/05/images//neuron-odor-sdf.png Graphic file (type png)
<use chapters/05/images//neuron-odor-sdf.png>
Package pdftex.def Info: chapters/05/images//neuron-odor-sdf.png  used on input
 line 176.
(pdftex.def)             Requested size: 483.69687pt x 365.80124pt.
 [36 <./chapters/05/images//neuron-odor.png>] [37 <./chapters/05/images//neuron
-odor-sdf.png>]
<chapters/05/images//excitatory-synapses-conductance.png, id=761, 715.63011pt x
 358.20782pt>
File: chapters/05/images//excitatory-synapses-conductance.png Graphic file (typ
e png)
<use chapters/05/images//excitatory-synapses-conductance.png>
Package pdftex.def Info: chapters/05/images//excitatory-synapses-conductance.pn
g  used on input line 238.
(pdftex.def)             Requested size: 483.69687pt x 242.11327pt.
<chapters/05/images//inhibitory-synapses-conductance.png, id=764, 715.63011pt x
 358.20782pt>
File: chapters/05/images//inhibitory-synapses-conductance.png Graphic file (typ
e png)
<use chapters/05/images//inhibitory-synapses-conductance.png>
Package pdftex.def Info: chapters/05/images//inhibitory-synapses-conductance.pn
g  used on input line 275.
(pdftex.def)             Requested size: 483.69687pt x 242.11327pt.
 [38 <./chapters/05/images//excitatory-synapses-conductance.png>] [39 <./chapte
rs/05/images//inhibitory-synapses-conductance.png>]
Underfull \hbox (badness 10000) in paragraph at lines 330--332

 []

<chapters/05/images//iaa.png, id=786, 2055.68pt x 1554.80875pt>
File: chapters/05/images//iaa.png Graphic file (type png)
<use chapters/05/images//iaa.png>
Package pdftex.def Info: chapters/05/images//iaa.png  used on input line 335.
(pdftex.def)             Requested size: 483.69687pt x 365.83087pt.
<chapters/05/images//geosmin.png, id=787, 2055.68pt x 1554.80875pt>
File: chapters/05/images//geosmin.png Graphic file (type png)
<use chapters/05/images//geosmin.png>
Package pdftex.def Info: chapters/05/images//geosmin.png  used on input line 34
2.
(pdftex.def)             Requested size: 483.69687pt x 365.83087pt.
<chapters/05/images//sdf-awake-no-poisson.png, id=795, 469.34203pt x 355.25867p
t>
File: chapters/05/images//sdf-awake-no-poisson.png Graphic file (type png)
<use chapters/05/images//sdf-awake-no-poisson.png>
Package pdftex.def Info: chapters/05/images//sdf-awake-no-poisson.png  used on 
input line 359.
(pdftex.def)             Requested size: 483.69687pt x 366.14275pt.
<chapters/05/images//correlation-awake-no-poisson.png, id=797, 2168.1pt x 722.7
pt>
File: chapters/05/images//correlation-awake-no-poisson.png Graphic file (type p
ng)
<use chapters/05/images//correlation-awake-no-poisson.png>
Package pdftex.def Info: chapters/05/images//correlation-awake-no-poisson.png  
used on input line 369.
(pdftex.def)             Requested size: 483.69687pt x 161.22205pt.
<chapters/05/images//sdf-awake-poisson.png, id=799, 469.34203pt x 355.25867pt>
File: chapters/05/images//sdf-awake-poisson.png Graphic file (type png)
<use chapters/05/images//sdf-awake-poisson.png>
Package pdftex.def Info: chapters/05/images//sdf-awake-poisson.png  used on inp
ut line 382.
(pdftex.def)             Requested size: 483.69687pt x 366.14275pt.
[40] [41 <./chapters/05/images//iaa.png>] [42 <./chapters/05/images//geosmin.pn
g>] [43 <./chapters/05/images//sdf-awake-no-poisson.png (PNG copy)> <./chapters
/05/images//correlation-awake-no-poisson.png (PNG copy)>] [44 <./chapters/05/im
ages//sdf-awake-poisson.png (PNG copy)>]
<chapters/05/images//correlation-awake-poisson.png, id=830, 2168.1pt x 722.7pt>

File: chapters/05/images//correlation-awake-poisson.png Graphic file (type png)

<use chapters/05/images//correlation-awake-poisson.png>
Package pdftex.def Info: chapters/05/images//correlation-awake-poisson.png  use
d on input line 393.
(pdftex.def)             Requested size: 483.69687pt x 161.22205pt.
File: chapters/05/images//sdf-awake-no-poisson.png Graphic file (type png)
<use chapters/05/images//sdf-awake-no-poisson.png>
Package pdftex.def Info: chapters/05/images//sdf-awake-no-poisson.png  used on 
input line 434.
(pdftex.def)             Requested size: 241.84843pt x 183.06595pt.
<chapters/05/images//sdf-halved-poisson.png, id=834, 469.0323pt x 355.25867pt>
File: chapters/05/images//sdf-halved-poisson.png Graphic file (type png)
<use chapters/05/images//sdf-halved-poisson.png>
Package pdftex.def Info: chapters/05/images//sdf-halved-poisson.png  used on in
put line 440.
(pdftex.def)             Requested size: 241.84843pt x 183.18521pt.
<chapters/05/images//sdf-quarter-poisson.png, id=835, 469.34203pt x 355.25867pt
>
File: chapters/05/images//sdf-quarter-poisson.png Graphic file (type png)
<use chapters/05/images//sdf-quarter-poisson.png>
Package pdftex.def Info: chapters/05/images//sdf-quarter-poisson.png  used on i
nput line 446.
(pdftex.def)             Requested size: 241.84843pt x 183.06595pt.

Overfull \hbox (1.64243pt too wide) in paragraph at lines 432--450
[][] []
 []

<chapters/05/images//sdf-tenth-poisson.png, id=836, 469.34203pt x 355.25867pt>
File: chapters/05/images//sdf-tenth-poisson.png Graphic file (type png)
<use chapters/05/images//sdf-tenth-poisson.png>
Package pdftex.def Info: chapters/05/images//sdf-tenth-poisson.png  used on inp
ut line 457.
(pdftex.def)             Requested size: 241.84843pt x 183.06595pt.
<chapters/05/images//sdf-hundreth-poisson.png, id=837, 469.65176pt x 355.25867p
t>
File: chapters/05/images//sdf-hundreth-poisson.png Graphic file (type png)
<use chapters/05/images//sdf-hundreth-poisson.png>
Package pdftex.def Info: chapters/05/images//sdf-hundreth-poisson.png  used on 
input line 462.
(pdftex.def)             Requested size: 241.84843pt x 182.94127pt.

Overfull \hbox (1.64243pt too wide) in paragraph at lines 455--466
[][] [] 
 []

[45 <./chapters/05/images//correlation-awake-poisson.png (PNG copy)>] [46 <./ch
apters/05/images//sdf-halved-poisson.png (PNG copy)> <./chapters/05/images//sdf
-quarter-poisson.png (PNG copy)> <./chapters/05/images//sdf-tenth-poisson.png (
PNG copy)> <./chapters/05/images//sdf-hundreth-poisson.png>]
File: chapters/05/images//correlation-awake-no-poisson.png Graphic file (type p
ng)
<use chapters/05/images//correlation-awake-no-poisson.png>
Package pdftex.def Info: chapters/05/images//correlation-awake-no-poisson.png  
used on input line 478.
(pdftex.def)             Requested size: 483.69687pt x 161.22205pt.
<chapters/05/images//correlation-halved-poisson.png, id=856, 2168.1pt x 722.7pt
>
File: chapters/05/images//correlation-halved-poisson.png Graphic file (type png
)
<use chapters/05/images//correlation-halved-poisson.png>
Package pdftex.def Info: chapters/05/images//correlation-halved-poisson.png  us
ed on input line 484.
(pdftex.def)             Requested size: 483.69687pt x 161.22205pt.
<chapters/05/images//correlation-quarter-poisson.png, id=857, 2168.1pt x 722.7p
t>
File: chapters/05/images//correlation-quarter-poisson.png Graphic file (type pn
g)
<use chapters/05/images//correlation-quarter-poisson.png>
Package pdftex.def Info: chapters/05/images//correlation-quarter-poisson.png  u
sed on input line 490.
(pdftex.def)             Requested size: 483.69687pt x 161.22205pt.
<chapters/05/images//correlation-tenth-poisson.png, id=858, 2168.1pt x 722.7pt>

File: chapters/05/images//correlation-tenth-poisson.png Graphic file (type png)

<use chapters/05/images//correlation-tenth-poisson.png>
Package pdftex.def Info: chapters/05/images//correlation-tenth-poisson.png  use
d on input line 501.
(pdftex.def)             Requested size: 483.69687pt x 161.22205pt.
File: chapters/05/images//correlation-hundreth-poisson.png Graphic file (type p
ng)
<use chapters/05/images//correlation-hundreth-poisson.png>
Package pdftex.def Info: chapters/05/images//correlation-hundreth-poisson.png  
used on input line 506.
(pdftex.def)             Requested size: 483.69687pt x 161.22205pt.
<chapters/05/images//change_in_correlation_asleep.png, id=862, 658.3797pt x 338
.2236pt>
File: chapters/05/images//change_in_correlation_asleep.png Graphic file (type p
ng)
<use chapters/05/images//change_in_correlation_asleep.png>
Package pdftex.def Info: chapters/05/images//change_in_correlation_asleep.png  
used on input line 518.
(pdftex.def)             Requested size: 483.69687pt x 248.48557pt.
<chapters/05/images//change_in_correlation_asleep_pn.png, id=863, 658.3797pt x 
338.2236pt>
File: chapters/05/images//change_in_correlation_asleep_pn.png Graphic file (typ
e png)
<use chapters/05/images//change_in_correlation_asleep_pn.png>
Package pdftex.def Info: chapters/05/images//change_in_correlation_asleep_pn.pn
g  used on input line 525.
(pdftex.def)             Requested size: 483.69687pt x 248.48557pt.

Underfull \hbox (badness 10000) in paragraph at lines 540--542

 []

<chapters/05/images//experimental-feature-distribution.png, id=867, 516.402pt x
 492.4215pt>
File: chapters/05/images//experimental-feature-distribution.png Graphic file (t
ype png)
<use chapters/05/images//experimental-feature-distribution.png>
Package pdftex.def Info: chapters/05/images//experimental-feature-distribution.
png  used on input line 545.
(pdftex.def)             Requested size: 483.69687pt x 461.2533pt.

Underfull \hbox (badness 10000) in paragraph at lines 550--552

 []

<chapters/05/images//normal-halved-feature-distribution.png, id=871, 2034.4005p
t x 1952.0127pt>
File: chapters/05/images//normal-halved-feature-distribution.png Graphic file (
type png)
<use chapters/05/images//normal-halved-feature-distribution.png>
Package pdftex.def Info: chapters/05/images//normal-halved-feature-distribution
.png  used on input line 555.
(pdftex.def)             Requested size: 483.69687pt x 464.0844pt.
<chapters/05/images//normal-quarter-feature-distribution.png, id=872, 2036.5686
pt x 1952.0127pt>
File: chapters/05/images//normal-quarter-feature-distribution.png Graphic file 
(type png)
<use chapters/05/images//normal-quarter-feature-distribution.png>
Package pdftex.def Info: chapters/05/images//normal-quarter-feature-distributio
n.png  used on input line 562.
(pdftex.def)             Requested size: 483.69687pt x 463.60783pt.
<chapters/05/images//normal-tenth-feature-distribution.png, id=873, 2034.4005pt
 x 1952.0127pt>
File: chapters/05/images//normal-tenth-feature-distribution.png Graphic file (t
ype png)
<use chapters/05/images//normal-tenth-feature-distribution.png>
Package pdftex.def Info: chapters/05/images//normal-tenth-feature-distribution.
png  used on input line 569.
(pdftex.def)             Requested size: 483.69687pt x 464.0844pt.
<chapters/05/images//normal-hundreth-feature-distribution.png, id=874, 2043.795
6pt x 1952.0127pt>
File: chapters/05/images//normal-hundreth-feature-distribution.png Graphic file
 (type png)
<use chapters/05/images//normal-hundreth-feature-distribution.png>
Package pdftex.def Info: chapters/05/images//normal-hundreth-feature-distributi
on.png  used on input line 576.
(pdftex.def)             Requested size: 483.69687pt x 461.96965pt.
<chapters/05/images//std_evolution.png, id=886, 462.528pt x 346.896pt>
File: chapters/05/images//std_evolution.png Graphic file (type png)
<use chapters/05/images//std_evolution.png>
Package pdftex.def Info: chapters/05/images//std_evolution.png  used on input l
ine 593.
(pdftex.def)             Requested size: 232.17242pt x 174.13039pt.
<chapters/05/images//skew_evolution.png, id=887, 462.528pt x 346.896pt>
File: chapters/05/images//skew_evolution.png Graphic file (type png)
<use chapters/05/images//skew_evolution.png>
Package pdftex.def Info: chapters/05/images//skew_evolution.png  used on input 
line 599.
(pdftex.def)             Requested size: 232.17242pt x 174.13039pt.
<chapters/05/images//kurtosis_evolution.png, id=888, 462.528pt x 346.896pt>
File: chapters/05/images//kurtosis_evolution.png Graphic file (type png)
<use chapters/05/images//kurtosis_evolution.png>
Package pdftex.def Info: chapters/05/images//kurtosis_evolution.png  used on in
put line 605.
(pdftex.def)             Requested size: 241.84843pt x 181.38736pt.

Underfull \hbox (badness 10000) in paragraph at lines 591--609
[][] []
 []

[47] [48 <./chapters/05/images//correlation-halved-poisson.png (PNG copy)> <./c
hapters/05/images//correlation-quarter-poisson.png (PNG copy)>] [49 <./chapters
/05/images//correlation-tenth-poisson.png (PNG copy)> <./chapters/05/images//ch
ange_in_correlation_asleep.png>]
<chapters/05/images//sampen_evolution.png, id=916, 462.528pt x 346.896pt>
File: chapters/05/images//sampen_evolution.png Graphic file (type png)
<use chapters/05/images//sampen_evolution.png>
Package pdftex.def Info: chapters/05/images//sampen_evolution.png  used on inpu
t line 616.
(pdftex.def)             Requested size: 232.17242pt x 174.13039pt.
<chapters/05/images//hurst_rs_evolution.png, id=917, 462.528pt x 346.896pt>
File: chapters/05/images//hurst_rs_evolution.png Graphic file (type png)
<use chapters/05/images//hurst_rs_evolution.png>
Package pdftex.def Info: chapters/05/images//hurst_rs_evolution.png  used on in
put line 622.
(pdftex.def)             Requested size: 232.17242pt x 174.13039pt.
<chapters/05/images//dfa_evolution.png, id=918, 462.528pt x 346.896pt>
File: chapters/05/images//dfa_evolution.png Graphic file (type png)
<use chapters/05/images//dfa_evolution.png>
Package pdftex.def Info: chapters/05/images//dfa_evolution.png  used on input l
ine 628.
(pdftex.def)             Requested size: 241.84843pt x 181.38736pt.

Underfull \hbox (badness 10000) in paragraph at lines 614--632
[][] []
 []

<chapters/05/images//betweenness_bin_evolution.png, id=919, 462.528pt x 346.896
pt>
File: chapters/05/images//betweenness_bin_evolution.png Graphic file (type png)

<use chapters/05/images//betweenness_bin_evolution.png>
Package pdftex.def Info: chapters/05/images//betweenness_bin_evolution.png  use
d on input line 639.
(pdftex.def)             Requested size: 232.17242pt x 174.13039pt.
<chapters/05/images//transitivity_bd_evolution.png, id=920, 462.528pt x 346.896
pt>
File: chapters/05/images//transitivity_bd_evolution.png Graphic file (type png)

<use chapters/05/images//transitivity_bd_evolution.png>
Package pdftex.def Info: chapters/05/images//transitivity_bd_evolution.png  use
d on input line 645.
(pdftex.def)             Requested size: 232.17242pt x 174.13039pt.
<chapters/05/images//degrees_dir_evolution.png, id=921, 462.528pt x 346.896pt>
File: chapters/05/images//degrees_dir_evolution.png Graphic file (type png)
<use chapters/05/images//degrees_dir_evolution.png>
Package pdftex.def Info: chapters/05/images//degrees_dir_evolution.png  used on
 input line 651.
(pdftex.def)             Requested size: 241.84843pt x 181.38736pt.

Underfull \hbox (badness 10000) in paragraph at lines 637--655
[][] []
 []

<chapters/05/images//efficiency_bin_evolution.png, id=922, 462.528pt x 346.896p
t>
File: chapters/05/images//efficiency_bin_evolution.png Graphic file (type png)
<use chapters/05/images//efficiency_bin_evolution.png>
Package pdftex.def Info: chapters/05/images//efficiency_bin_evolution.png  used
 on input line 662.
(pdftex.def)             Requested size: 232.17242pt x 174.13039pt.
<chapters/05/images//norm_evolution.png, id=923, 462.528pt x 346.896pt>
File: chapters/05/images//norm_evolution.png Graphic file (type png)
<use chapters/05/images//norm_evolution.png>
Package pdftex.def Info: chapters/05/images//norm_evolution.png  used on input 
line 668.
(pdftex.def)             Requested size: 232.17242pt x 174.13039pt.
) (./chapters/06/discussion.tex [50 <./chapters/05/images//change_in_correlatio
n_asleep_pn.png>] [51 <./chapters/05/images//experimental-feature-distribution.
png>] [52 <./chapters/05/images//normal-halved-feature-distribution.png (PNG co
py)>] [53 <./chapters/05/images//normal-quarter-feature-distribution.png (PNG c
opy)>] [54 <./chapters/05/images//normal-tenth-feature-distribution.png (PNG co
py)>] [55 <./chapters/05/images//normal-hundreth-feature-distribution.png>]
[56 <./chapters/05/images//std_evolution.png> <./chapters/05/images//skew_evolu
tion.png> <./chapters/05/images//kurtosis_evolution.png>] [57 <./chapters/05/im
ages//sampen_evolution.png> <./chapters/05/images//hurst_rs_evolution.png> <./c
hapters/05/images//dfa_evolution.png>] [58 <./chapters/05/images//betweenness_b
in_evolution.png> <./chapters/05/images//transitivity_bd_evolution.png> <./chap
ters/05/images//degrees_dir_evolution.png>] [59 <./chapters/05/images//efficien
cy_bin_evolution.png> <./chapters/05/images//norm_evolution.png>] [60

]
Chapter 5.

Underfull \vbox (badness 1668) has occurred while \output is active []

 [61]
Underfull \hbox (badness 10000) in paragraph at lines 39--47

 []


Underfull \vbox (badness 7203) has occurred while \output is active []

 [62]
[63]
<chapters/06/images/correlation-awake-no-poisson-pn.png, id=1024, 840.13875pt x
 722.7pt>
File: chapters/06/images/correlation-awake-no-poisson-pn.png Graphic file (type
 png)
<use chapters/06/images/correlation-awake-no-poisson-pn.png>
Package pdftex.def Info: chapters/06/images/correlation-awake-no-poisson-pn.png
  used on input line 87.
(pdftex.def)             Requested size: 174.13034pt x 149.78653pt.
<chapters/06/images/correlation-awake-poisson-pn.png, id=1025, 839.0547pt x 722
.7pt>
File: chapters/06/images/correlation-awake-poisson-pn.png Graphic file (type pn
g)
<use chapters/06/images/correlation-awake-poisson-pn.png>
Package pdftex.def Info: chapters/06/images/correlation-awake-poisson-pn.png  u
sed on input line 93.
(pdftex.def)             Requested size: 174.13034pt x 149.97398pt.

Underfull \hbox (badness 1803) in paragraph at lines 94--94
[]\T1/ntxtlf/b/n/9 (b) |\T1/ntxtlf/m/n/9 Awake with cor-re-lated in-put, av-er-
age cor-re-la-tion
 []

<chapters/06/images/correlation-halved-poisson-pn.png, id=1026, 840.86145pt x 7
22.7pt>
File: chapters/06/images/correlation-halved-poisson-pn.png Graphic file (type p
ng)
<use chapters/06/images/correlation-halved-poisson-pn.png>
Package pdftex.def Info: chapters/06/images/correlation-halved-poisson-pn.png  
used on input line 99.
(pdftex.def)             Requested size: 174.13034pt x 149.65419pt.
<chapters/06/images/correlation-quarter-poisson-pn.png, id=1027, 838.69334pt x 
722.7pt>
File: chapters/06/images/correlation-quarter-poisson-pn.png Graphic file (type 
png)
<use chapters/06/images/correlation-quarter-poisson-pn.png>
Package pdftex.def Info: chapters/06/images/correlation-quarter-poisson-pn.png 
 used on input line 105.
(pdftex.def)             Requested size: 174.13034pt x 150.04016pt.
<chapters/06/images/correlation-tenth-poisson-pn.png, id=1028, 839.0547pt x 722
.7pt>
File: chapters/06/images/correlation-tenth-poisson-pn.png Graphic file (type pn
g)
<use chapters/06/images/correlation-tenth-poisson-pn.png>
Package pdftex.def Info: chapters/06/images/correlation-tenth-poisson-pn.png  u
sed on input line 111.
(pdftex.def)             Requested size: 174.13034pt x 149.97398pt.
<chapters/06/images/correlation-hundreth-poisson-pn.png, id=1029, 837.97066pt x
 722.7pt>
File: chapters/06/images/correlation-hundreth-poisson-pn.png Graphic file (type
 png)
<use chapters/06/images/correlation-hundreth-poisson-pn.png>
Package pdftex.def Info: chapters/06/images/correlation-hundreth-poisson-pn.png
  used on input line 117.
(pdftex.def)             Requested size: 174.13034pt x 150.17249pt.
[64] [65 <./chapters/06/images/correlation-awake-no-poisson-pn.png> <./chapters
/06/images/correlation-awake-poisson-pn.png> <./chapters/06/images/correlation-
halved-poisson-pn.png> <./chapters/06/images/correlation-quarter-poisson-pn.png
> <./chapters/06/images/correlation-tenth-poisson-pn.png> <./chapters/06/images
/correlation-hundreth-poisson-pn.png>]
<chapters/06/images/feature-comparison-quarter-normal.png, id=1054, 2036.5686pt
 x 1952.0127pt>
File: chapters/06/images/feature-comparison-quarter-normal.png Graphic file (ty
pe png)
<use chapters/06/images/feature-comparison-quarter-normal.png>
Package pdftex.def Info: chapters/06/images/feature-comparison-quarter-normal.p
ng  used on input line 178.
(pdftex.def)             Requested size: 483.69687pt x 463.60783pt.
) (./chapters/07/conclusions.tex [66]
[67 <./chapters/06/images/feature-comparison-quarter-normal.png>] [68]
Chapter 6.

Underfull \hbox (badness 10000) in paragraph at lines 5--9

 []


Underfull \hbox (badness 10000) in paragraph at lines 19--20

 []

[69

]
Underfull \hbox (badness 10000) in paragraph at lines 49--53

 []


Underfull \hbox (badness 10000) in paragraph at lines 54--56

 []

) (./build/principal.bbl
pdfTeX warning (ext4): destination with the same identifier (name{page.}) has b
een already used, duplicate ignored
<to be read again> 
                   \relax 
l.1 \begin{thebibliography}{10}
                                [1]
pdfTeX warning (ext4): destination with the same identifier (name{page.}) has b
een already used, duplicate ignored
<to be read again> 
                   \relax 
l.1 \begin{thebibliography}{10}
                                [2

]
Chapter 7.
LaTeX Font Info:    Font shape `T1/ntxtlf/m/sc' will be
(Font)              scaled to size 10.95pt on input line 15.
LaTeX Font Info:    Font shape `T1/ntxtlf/m/sc' will be
(Font)              scaled to size 6.1pt on input line 87.

pdfTeX warning (ext4): destination with the same identifier (name{page.}) has b
een already used, duplicate ignored
<to be read again> 
                   \relax 
l.92 \bibitem{bee-atlas}
                         [3]
pdfTeX warning (ext4): destination with the same identifier (name{page.}) has b
een already used, duplicate ignored
<to be read again> 
                   \relax 
l.200 
       [4]
pdfTeX warning (ext4): destination with the same identifier (name{page.}) has b
een already used, duplicate ignored
<to be read again> 
                   \relax 
l.304 
       [5])
pdfTeX warning (ext4): destination with the same identifier (name{page.}) has b
een already used, duplicate ignored
<to be read again> 
                   \relax 
l.24 \end{document}
                    [6] (./build/principal.aux)

LaTeX Warning: There were multiply-defined labels.

Package rerunfilecheck Info: File `principal.out' has not changed.
(rerunfilecheck)             Checksum: 370BD8150AE26FC8D58B6CD55B646694;9966.
 ) 
Here is how much of TeX's memory you used:
 35528 strings out of 476872
 691611 string characters out of 5820378
 1873388 words of memory out of 5000000
 54923 multiletter control sequences out of 15000+600000
 624370 words of font info for 173 fonts, out of 8000000 for 9000
 725 hyphenation exceptions out of 8191
 88i,14n,83p,637b,1110s stack positions out of 10000i,1000n,20000p,200000b,200000s
</usr/share/texmf-dist/fonts/type1/public/newtx/NewTXMI.pfb></usr/share/texmf
-dist/fonts/type1/public/newtx/NewTXMI5.pfb></usr/share/texmf-dist/fonts/type1/
public/newtx/NewTXMI7.pfb></usr/share/texmf-dist/fonts/type1/public/tex-gyre/qt
mr.pfb></usr/share/texmf-dist/fonts/type1/public/txfonts/t1xtt.pfb></usr/share/
texmf-dist/fonts/type1/public/newtx/txexs.pfb></usr/share/texmf-dist/fonts/type
1/public/newtx/txmiaX.pfb></usr/share/texmf-dist/fonts/type1/public/newtx/txsys
.pfb></usr/share/texmf-dist/fonts/type1/public/newtx/ztmb.pfb></usr/share/texmf
-dist/fonts/type1/public/newtx/ztmr.pfb></usr/share/texmf-dist/fonts/type1/publ
ic/newtx/ztmri.pfb>
Output written on ./build/principal.pdf (78 pages, 58360793 bytes).
PDF statistics:
 1242 PDF objects out of 1440 (max. 8388607)
 1029 compressed objects within 11 object streams
 316 named destinations out of 1000 (max. 500000)
 768 words of extra memory for PDF output out of 10000 (max. 10000000)

